{"type":["init_ps"],"time":["2024-11-03 10:21:02"],"user":["Ilja Sukhanov"],"umph":[1730625662.2453],"ok":[true]}
,
{"type":["check_chunk"],"time":["2024-11-03 10:21:02"],"user":["Ilja Sukhanov"],"umph":[1730625662.2794],"ok":[true],"chunk":[1],"ex":[1],"e.ind":[0],"code":["library(tidyverse)\nlibrary(pander)\nlibrary(sf)\nlibrary(gganimate)\nlibrary(ggrepel)\nlibrary(skimr)\nlibrary(RColorBrewer)\nlibrary(gifski)"],"message":[""]}
,
{"type":["check_chunk"],"time":["2024-11-03 10:21:02"],"user":["Ilja Sukhanov"],"umph":[1730625662.3167],"ok":[false],"chunk":[2],"ex":[1],"e.ind":[1],"code":["eu <- read_csv(\"data/EU_Makro.csv\")\n"],"message":["\nYou have not yet made an assignment to eu_makro in chunk 1_a."]}
,
{"type":["check_ps"],"time":["2024-11-03 10:21:40"],"user":["Ilja Sukhanov"],"umph":[1730625700.5096],"ok":[true]}
,
{"type":["check_chunk"],"time":["2024-11-03 10:21:40"],"user":["Ilja Sukhanov"],"umph":[1730625700.5535],"ok":[false],"chunk":[2],"ex":[1],"e.ind":[1],"code":["EU_Makro <- read_csv(\"data/EU_Makro.csv\")\n"],"message":["\nYou have not yet made an assignment to eu_makro in chunk 1_a."]}
,
{"type":["hint"],"time":["2024-11-03 10:21:47"],"user":["Ilja Sukhanov"],"umph":[1730625707.3386],"ok":[true],"chunk":[2],"ex":[1],"e.ind":[1]}
,
{"type":["check_ps"],"time":["2024-11-03 10:22:07"],"user":["Ilja Sukhanov"],"umph":[1730625727.409],"ok":[true]}
,
{"type":["check_chunk"],"time":["2024-11-03 10:22:07"],"user":["Ilja Sukhanov"],"umph":[1730625727.4856],"ok":[true],"chunk":[2],"ex":[1],"e.ind":[0],"code":["eu_makro <- read_csv(\"data/EU_Makro.csv\")\n"],"message":[""]}
,
{"type":["check_chunk"],"time":["2024-11-03 10:22:07"],"user":["Ilja Sukhanov"],"umph":[1730625727.4889],"ok":[false],"chunk":[3],"ex":[1],"e.ind":[1],"code":["\n# enter your code here ...\n"],"message":["\nYou have not yet made an assignment to ueberblick in chunk 1_b."]}
,
{"type":["check_ps"],"time":["2024-11-03 11:17:09"],"user":["Ilja Sukhanov"],"umph":[1730629029.7483],"ok":[true]}
,
{"type":["check_chunk"],"time":["2024-11-03 11:17:09"],"user":["Ilja Sukhanov"],"umph":[1730629029.858],"ok":[true],"chunk":[2],"ex":[1],"e.ind":[0],"code":["eu_makro <- read_csv(\"data/EU_Makro.csv\")"],"message":[""]}
,
{"type":["check_chunk"],"time":["2024-11-03 11:17:09"],"user":["Ilja Sukhanov"],"umph":[1730629029.9757],"ok":[true],"chunk":[3],"ex":[1],"e.ind":[0],"code":["\nueberblick <- skim(eu_makro)\n\nueberblick\n"],"message":[""]}
,
{"type":["check_chunk"],"time":["2024-11-03 11:17:10"],"user":["Ilja Sukhanov"],"umph":[1730629030.0114],"ok":[true],"chunk":[4],"ex":[1],"e.ind":[0],"code":["panderOptions('knitr.auto.asis', FALSE)\nueberblick |> pander(style=\"rmarkdown\") "],"message":[""]}
,
{"type":["check_chunk"],"time":["2024-11-03 11:17:10"],"user":["Ilja Sukhanov"],"umph":[1730629030.0144],"ok":[false],"chunk":[5],"ex":[1],"e.ind":[1],"code":["\n# enter your code here ...\n"],"message":["\nYou have not yet entered all correct commands in chunk 1_c_2."]}
,
{"type":["check_ps"],"time":["2024-11-03 11:19:04"],"user":["Ilja Sukhanov"],"umph":[1730629144.649],"ok":[true]}
,
{"type":["check_chunk"],"time":["2024-11-03 11:19:04"],"user":["Ilja Sukhanov"],"umph":[1730629144.6561],"ok":[true],"chunk":[5],"ex":[1],"e.ind":[0],"code":["\n2\n"],"message":[""]}
,
{"type":["check_chunk"],"time":["2024-11-03 11:19:04"],"user":["Ilja Sukhanov"],"umph":[1730629144.6593],"ok":[false],"chunk":[6],"ex":[1],"e.ind":[1],"code":["\n# enter your code here ...\n"],"message":["\nYou have not yet entered all correct commands in chunk 1_c_3."]}
,
{"type":["check_ps"],"time":["2024-11-03 11:19:56"],"user":["Ilja Sukhanov"],"umph":[1730629196.7606],"ok":[true]}
,
{"type":["check_chunk"],"time":["2024-11-03 11:19:56"],"user":["Ilja Sukhanov"],"umph":[1730629196.7677],"ok":[true],"chunk":[6],"ex":[1],"e.ind":[0],"code":["\n2\n"],"message":[""]}
,
{"type":["check_chunk"],"time":["2024-11-03 11:19:56"],"user":["Ilja Sukhanov"],"umph":[1730629196.7708],"ok":[false],"chunk":[7],"ex":[1],"e.ind":[1],"code":["#deskriptives <- eu_makro |>\n#  group_by(___) |>\n#  summarize(Mittel = round(___(debt_share_country, na.rm=TRUE),2),\n#            SD = round(___(debt_share_country, na.rm=TRUE),2),\n#            Min = round(___(debt_share_country, na.rm=TRUE),2),\n#            Median = round(___(debt_share_country, na.rm=TRUE),2),\n#            Max = round(___(debt_share_country, na.rm=TRUE),2)) |>\n#  arrange(___(___))\n\n#deskriptives\n\n# enter your code here ...\n"],"message":["\nYou have not yet made an assignment to deskriptives in chunk 1_d."]}
,
{"type":["check_ps"],"time":["2024-11-03 11:23:37"],"user":["Ilja Sukhanov"],"umph":[1730629417.7351],"ok":[true]}
,
{"type":["check_chunk"],"time":["2024-11-03 11:23:37"],"user":["Ilja Sukhanov"],"umph":[1730629417.775],"ok":[true],"chunk":[7],"ex":[1],"e.ind":[0],"code":["deskriptives <- eu_makro |>\n  group_by(country) |>\n  summarize(Mittel = round(mean(debt_share_country, na.rm=TRUE),2),\n            SD = round(sd(debt_share_country, na.rm=TRUE),2),\n            Min = round(min(debt_share_country, na.rm=TRUE),2),\n            Median = round(median(debt_share_country, na.rm=TRUE),2),\n            Max = round(max(debt_share_country, na.rm=TRUE),2)) |>\n  arrange(desc(Median))\n\ndeskriptives\n"],"message":[""]}
,
{"type":["check_chunk"],"time":["2024-11-03 11:23:37"],"user":["Ilja Sukhanov"],"umph":[1730629417.8238],"ok":[true],"chunk":[8],"ex":[2],"e.ind":[0],"code":["eu_makro <- read_csv(\"./data/EU_Makro.csv\")"],"message":[""]}
,
{"type":["check_chunk"],"time":["2024-11-03 11:23:37"],"user":["Ilja Sukhanov"],"umph":[1730629417.8293],"ok":[false],"chunk":[9],"ex":[2],"e.ind":[1],"code":["\n# enter your code here ...\n"],"message":["\nYou have not yet made an assignment to deutschland in chunk 2_a."]}
,
{"type":["check_ps"],"time":["2024-11-03 11:25:32"],"user":["Ilja Sukhanov"],"umph":[1730629532.1728],"ok":[true]}
,
{"type":["check_chunk"],"time":["2024-11-03 11:25:32"],"user":["Ilja Sukhanov"],"umph":[1730629532.1811],"ok":[true],"chunk":[9],"ex":[2],"e.ind":[0],"code":["\ndeutschland <- eu_makro |>\n  filter(country==\"Germany\")\n"],"message":[""]}
,
{"type":["check_chunk"],"time":["2024-11-03 11:25:32"],"user":["Ilja Sukhanov"],"umph":[1730629532.1848],"ok":[false],"chunk":[10],"ex":[2],"e.ind":[1],"code":["#g1 <- ___ |>\n#  ggplot() + geom_point(___(x = ___, y = ___))\n\n#g1\n\n# enter your code here ...\n"],"message":["\nYou have not yet made an assignment to g1 in chunk 2_b."]}
,
{"type":["check_ps"],"time":["2024-11-03 11:29:58"],"user":["Ilja Sukhanov"],"umph":[1730629798.2002],"ok":[true]}
,
{"type":["check_chunk"],"time":["2024-11-03 11:29:58"],"user":["Ilja Sukhanov"],"umph":[1730629798.2614],"ok":[false],"chunk":[10],"ex":[2],"e.ind":[1],"code":["g1 <- deutschland |>\n  ggplot() + geom_point(aes(x = \"year\", y = \"gpd\"))\n\ng1\n"],"message":["\nYou have not made a correct assignment to g1 in chunk 2_b."]}
,
{"type":["hint"],"time":["2024-11-03 11:30:12"],"user":["Ilja Sukhanov"],"umph":[1730629812.4153],"ok":[true],"chunk":[10],"ex":[2],"e.ind":[1]}
,
{"type":["check_ps"],"time":["2024-11-03 11:32:26"],"user":["Ilja Sukhanov"],"umph":[1730629946.7215],"ok":[true]}
,
{"type":["check_chunk"],"time":["2024-11-03 11:32:26"],"user":["Ilja Sukhanov"],"umph":[1730629946.7793],"ok":[false],"chunk":[10],"ex":[2],"e.ind":[1],"code":["g1 <- deutschland |>\n  ggplot() + geom_point(aes(x = \"year\", y = \"gdp\"))\n\ng1\n"],"message":["\nYou have not made a correct assignment to g1 in chunk 2_b."]}
,
{"type":["check_ps"],"time":["2024-11-03 11:34:52"],"user":["Ilja Sukhanov"],"umph":[1730630092.386],"ok":[true]}
,
{"type":["check_chunk"],"time":["2024-11-03 11:34:52"],"user":["Ilja Sukhanov"],"umph":[1730630092.4456],"ok":[false],"chunk":[10],"ex":[2],"e.ind":[1],"code":["g1 <- deutschland |>\n  ggplot(aes(x = \"year\", y = \"gdp\"))+geom_point()\n\ng1\n"],"message":["\nYou have not made a correct assignment to g1 in chunk 2_b."]}
,
{"type":["hint"],"time":["2024-11-03 11:34:58"],"user":["Ilja Sukhanov"],"umph":[1730630098.1565],"ok":[true],"chunk":[10],"ex":[2],"e.ind":[1]}
,
{"type":["check_ps"],"time":["2024-11-03 11:35:49"],"user":["Ilja Sukhanov"],"umph":[1730630149.3691],"ok":[true]}
,
{"type":["check_chunk"],"time":["2024-11-03 11:35:49"],"user":["Ilja Sukhanov"],"umph":[1730630149.4103],"ok":[true],"chunk":[10],"ex":[2],"e.ind":[0],"code":["\ng1 <- ggplot(deutschland) + geom_point(aes(x=year,y=gdp))\n\ng1\n"],"message":[""]}
,
{"type":["check_chunk"],"time":["2024-11-03 11:35:49"],"user":["Ilja Sukhanov"],"umph":[1730630149.4133],"ok":[false],"chunk":[11],"ex":[2],"e.ind":[1],"code":["\n# enter your code here ...\n"],"message":["\nYou have not yet made an assignment to g2 in chunk 2_c."]}
,
{"type":["check_ps"],"time":["2024-11-03 11:36:44"],"user":["Ilja Sukhanov"],"umph":[1730630204.182],"ok":[true]}
,
{"type":["check_chunk"],"time":["2024-11-03 11:36:44"],"user":["Ilja Sukhanov"],"umph":[1730630204.2462],"ok":[true],"chunk":[10],"ex":[2],"e.ind":[0],"code":["\ng1 <- deutschland |>\n  ggplot() + geom_point(aes(x=year,y=gdp))\n\ng1\n"],"message":[""]}
,
{"type":["check_chunk"],"time":["2024-11-03 11:36:44"],"user":["Ilja Sukhanov"],"umph":[1730630204.2489],"ok":[false],"chunk":[11],"ex":[2],"e.ind":[1],"code":["\n# enter your code here ...\n"],"message":["\nYou have not yet made an assignment to g2 in chunk 2_c."]}
,
{"type":["check_ps"],"time":["2024-11-03 11:39:23"],"user":["Ilja Sukhanov"],"umph":[1730630363.9224],"ok":[true]}
,
{"type":["hint"],"time":["2024-11-03 11:39:42"],"user":["Ilja Sukhanov"],"umph":[1730630382.54],"ok":[true],"chunk":[11],"ex":[2],"e.ind":[1]}
,
{"type":["check_ps"],"time":["2024-11-03 11:40:25"],"user":["Ilja Sukhanov"],"umph":[1730630425.2658],"ok":[true]}
,
{"type":["check_chunk"],"time":["2024-11-03 11:40:25"],"user":["Ilja Sukhanov"],"umph":[1730630425.3168],"ok":[true],"chunk":[11],"ex":[2],"e.ind":[0],"code":["\ng2 <- g1 + geom_line(aes(x=year,y=gov_debt))\n\ng2\n"],"message":[""]}
,
{"type":["check_chunk"],"time":["2024-11-03 11:40:25"],"user":["Ilja Sukhanov"],"umph":[1730630425.3199],"ok":[false],"chunk":[12],"ex":[2],"e.ind":[1],"code":["# g3 <- ____ |>\n#   ggplot() + \n#   geom_line(aes(x = ____, y = ____, group=____, colour=____))\n#\n#g3\n\n# enter your code here ...\n"],"message":["\nYou have not yet made an assignment to g3 in chunk 2_d."]}
,
{"type":["hint"],"time":["2024-11-03 11:43:21"],"user":["Ilja Sukhanov"],"umph":[1730630601.6357],"ok":[true],"chunk":[12],"ex":[2],"e.ind":[1]}
,
{"type":["check_ps"],"time":["2024-11-03 11:44:18"],"user":["Ilja Sukhanov"],"umph":[1730630658.3237],"ok":[true]}
,
{"type":["check_chunk"],"time":["2024-11-03 11:44:18"],"user":["Ilja Sukhanov"],"umph":[1730630658.4479],"ok":[true],"chunk":[12],"ex":[2],"e.ind":[0],"code":[" g3 <- eu_makro |>\n   ggplot() + \n   geom_line(aes(x = year, y = debt_share_country, group=country, colour=country))\n\ng3\n\n# enter your code here ...\n"],"message":[""]}
,
{"type":["check_chunk"],"time":["2024-11-03 11:44:18"],"user":["Ilja Sukhanov"],"umph":[1730630658.451],"ok":[false],"chunk":[13],"ex":[2],"e.ind":[1],"code":["#eu_analyse <- eu_makro |>\n#  filter(___) |>\n#  mutate( Laender = case_when(\n#    country == \"___\" ~ \"Deutschland\",\n#    country == \"___\" ~ \"Italien\",\n#    TRUE ~ \"___\"))\n\n# enter your code here ...\n"],"message":["\nYou have not yet made an assignment to eu_analyse in chunk 2_e."]}
,
{"type":["check_ps"],"time":["2024-11-03 11:48:27"],"user":["Ilja Sukhanov"],"umph":[1730630907.8737],"ok":[true]}
,
{"type":["check_chunk"],"time":["2024-11-03 11:48:27"],"user":["Ilja Sukhanov"],"umph":[1730630907.8842],"ok":[true],"chunk":[13],"ex":[2],"e.ind":[0],"code":["eu_analyse <- eu_makro |>\n  filter(year>=1995) |>\n  mutate( Laender = case_when(\n    country == \"Germany\" ~ \"Deutschland\",\n    country == \"Italy\" ~ \"Italien\",\n    TRUE ~ \"Andere\"))\n"],"message":[""]}
,
{"type":["check_chunk"],"time":["2024-11-03 11:48:27"],"user":["Ilja Sukhanov"],"umph":[1730630907.8879],"ok":[false],"chunk":[14],"ex":[2],"e.ind":[1],"code":["#g4 <- eu_analyse |>\n#  ggplot() + \n#  geom_line(aes(x = year, y = debt_share_country, group = ___, colour = ___))\n\n#g4\n\n# enter your code here ...\n"],"message":["\nYou have not yet made an assignment to g4 in chunk 2_f."]}
,
{"type":["check_ps"],"time":["2024-11-03 11:49:39"],"user":["Ilja Sukhanov"],"umph":[1730630979.5384],"ok":[true]}
,
{"type":["check_chunk"],"time":["2024-11-03 11:49:39"],"user":["Ilja Sukhanov"],"umph":[1730630979.6033],"ok":[true],"chunk":[14],"ex":[2],"e.ind":[0],"code":["g4 <- eu_analyse |>\n  ggplot() + \n  geom_line(aes(x = year, y = debt_share_country, group = country, colour = Laender))\n\ng4\n"],"message":[""]}
,
{"type":["check_chunk"],"time":["2024-11-03 11:49:39"],"user":["Ilja Sukhanov"],"umph":[1730630979.6063],"ok":[false],"chunk":[15],"ex":[2],"e.ind":[1],"code":["#g5 <- g4 + \n#  ylab(\"___\") + \n#  xlab(\"___\") +\n#  scale_colour_manual(name = \"___\", \n#                      values = c(\"___\", \"___\", \"___\"))\n#\n#g5\n\n# enter your code here ...\n"],"message":["\nYou have not yet made an assignment to g5 in chunk 2_g."]}
,
{"type":["check_ps"],"time":["2024-11-03 11:51:46"],"user":["Ilja Sukhanov"],"umph":[1730631106.1246],"ok":[true]}
,
{"type":["check_chunk"],"time":["2024-11-03 11:51:46"],"user":["Ilja Sukhanov"],"umph":[1730631106.1959],"ok":[true],"chunk":[15],"ex":[2],"e.ind":[0],"code":["g5 <- g4 + \n  ylab(\"Schuldenquote\") + \n  xlab(\"Jahr\") +\n  scale_colour_manual(name = \"Laender\", \n                      values = c(\"grey\", \"springgreen4\", \"blue\"))\ng5\n"],"message":[""]}
,
{"type":["check_chunk"],"time":["2024-11-03 11:51:46"],"user":["Ilja Sukhanov"],"umph":[1730631106.1991],"ok":[false],"chunk":[16],"ex":[2],"e.ind":[1],"code":["#final <- g5 +\n#  ___(\"Schuldenquote einzelner EU-Laender von 1995 - 2023\") +\n#  ___(___=0.60, ___ = \"red\")\n\n#final\n\n# enter your code here ...\n"],"message":["\nYou have not yet made an assignment to final in chunk 2_h."]}
,
{"type":["check_ps"],"time":["2024-11-03 11:55:13"],"user":["Ilja Sukhanov"],"umph":[1730631313.8246],"ok":[true]}
,
{"type":["check_chunk"],"time":["2024-11-03 11:55:13"],"user":["Ilja Sukhanov"],"umph":[1730631313.9261],"ok":[false],"chunk":[16],"ex":[2],"e.ind":[1],"code":["final <- g5 +\n  ggtitle(\"Schuldenquote einzelner EU-Laender von 1995 - 2023\") +\n  geom_hline(yintercept=0.60, colour = \"red\")\n\nfinal\n\n# enter your code here ...\n"],"message":["\nYou have not made a correct assignment to final in chunk 2_h."]}
,
{"type":["check_ps"],"time":["2024-11-03 11:55:43"],"user":["Ilja Sukhanov"],"umph":[1730631343.6911],"ok":[true]}
,
{"type":["check_chunk"],"time":["2024-11-03 11:55:43"],"user":["Ilja Sukhanov"],"umph":[1730631343.7786],"ok":[false],"chunk":[16],"ex":[2],"e.ind":[1],"code":["final <- g5 +\n  ggtitle(\"Schuldenquote einzelner EU-Laender von 1995 - 2023\") +\n  geom_hline(yintercept=0.60, colour = \"red\")\n\nfinal\n"],"message":["\nYou have not made a correct assignment to final in chunk 2_h."]}
,
{"type":["hint"],"time":["2024-11-03 11:55:51"],"user":["Ilja Sukhanov"],"umph":[1730631351.6134],"ok":[true],"chunk":[16],"ex":[2],"e.ind":[1]}
,
{"type":["check_ps"],"time":["2024-11-03 11:56:14"],"user":["Ilja Sukhanov"],"umph":[1730631374.5382],"ok":[true]}
,
{"type":["check_chunk"],"time":["2024-11-03 11:56:14"],"user":["Ilja Sukhanov"],"umph":[1730631374.6326],"ok":[true],"chunk":[16],"ex":[2],"e.ind":[0],"code":["final <- g5 +\n  ggtitle(\"Schuldenquote einzelner EU-Laender von 1995 - 2023\") +\n  geom_hline(yintercept=0.60, color = \"red\")\n\nfinal\n"],"message":[""]}
,
{"type":["check_chunk"],"time":["2024-11-03 11:56:14"],"user":["Ilja Sukhanov"],"umph":[1730631374.7592],"ok":[true],"chunk":[17],"ex":[2],"e.ind":[0],"code":["final +\n  theme_bw() +\n  guides(color = FALSE) +\n  geom_text_repel(aes(x = year, y = debt_share_country, label = Laender),\n                  data          = filter(eu_analyse |> filter(Laender!=\"Andere\", year==last(year))),\n                  size          = 4,\n                  box.padding   = 1.5,\n                  point.padding = 0.5,\n                  force         = 100,\n                  segment.size  = 0.2,\n                  segment.color = \"grey50\",\n                  direction     = \"x\")"],"message":[""]}
,
{"type":["check_chunk"],"time":["2024-11-03 11:56:14"],"user":["Ilja Sukhanov"],"umph":[1730631374.7964],"ok":[true],"chunk":[18],"ex":[3],"e.ind":[0],"code":["eu_makro <- read_csv(\"./data/EU_Makro.csv\")\neu_analyse <- eu_makro |>\n  filter(year>=1995) |>\n  mutate( Laender = case_when(\n    country == \"Germany\" ~ \"Deutschland\",\n    country == \"Italy\" ~ \"Italien\",\n    TRUE ~ \"Andere\"))"],"message":[""]}
,
{"type":["check_chunk"],"time":["2024-11-03 11:56:14"],"user":["Ilja Sukhanov"],"umph":[1730631374.7995],"ok":[false],"chunk":[19],"ex":[3],"e.ind":[1],"code":["#eu_2005 <- eu_makro |> \n#  filter(___) |>\n#  ggplot(aes(___)) + \n#  ___\n\n#eu_2005\n\n# enter your code here ...\n"],"message":["\nYou have not yet made an assignment to eu_2005 in chunk 3_a."]}
,
{"type":["check_ps"],"time":["2024-11-03 11:56:57"],"user":["Ilja Sukhanov"],"umph":[1730631417.7316],"ok":[true]}
,
{"type":["check_chunk"],"time":["2024-11-03 11:56:57"],"user":["Ilja Sukhanov"],"umph":[1730631417.7425],"ok":[false],"chunk":[19],"ex":[3],"e.ind":[1],"code":["#eu_2005 <- eu_makro |> \n#  filter(___) |>\n#  ggplot(aes(___)) + \n#  ___\n\n#eu_2005\n\n# enter your code here ...\n"],"message":["\nYou have not yet made an assignment to eu_2005 in chunk 3_a."]}
,
{"type":["check_ps"],"time":["2024-11-03 12:02:52"],"user":["Ilja Sukhanov"],"umph":[1730631772.3257],"ok":[true]}
,
{"type":["check_chunk"],"time":["2024-11-03 12:02:52"],"user":["Ilja Sukhanov"],"umph":[1730631772.4086],"ok":[false],"chunk":[19],"ex":[3],"e.ind":[1],"code":["eu_2005 <- eu_makro |> \n  filter(year==2005) |>\n  ggplot(aes(debt_share_year)) + \n  geom_histogram()\n\neu_2005\n"],"message":["\nYou have not made a correct assignment to eu_2005 in chunk 3_a."]}
,
{"type":["hint"],"time":["2024-11-03 12:03:02"],"user":["Ilja Sukhanov"],"umph":[1730631782.4936],"ok":[true],"chunk":[19],"ex":[3],"e.ind":[1]}
,
{"type":["check_ps"],"time":["2024-11-03 12:04:04"],"user":["Ilja Sukhanov"],"umph":[1730631844.3432],"ok":[true]}
,
{"type":["check_chunk"],"time":["2024-11-03 12:04:04"],"user":["Ilja Sukhanov"],"umph":[1730631844.3972],"ok":[true],"chunk":[19],"ex":[3],"e.ind":[0],"code":["eu_2005 <- eu_makro |> \n  filter(year==2005) |>\n  ggplot(aes(debt_share_country)) + \n  geom_histogram()\n\neu_2005\n"],"message":[""]}
,
{"type":["check_chunk"],"time":["2024-11-03 12:04:04"],"user":["Ilja Sukhanov"],"umph":[1730631844.4003],"ok":[false],"chunk":[20],"ex":[3],"e.ind":[1],"code":["#eu_2005f <- ___ |>\n#  filter(___) |>\n#  ggplot(aes(___)) +\n#  geom_histogram(___) + \n#  ylab(___) +\n#  xlab(___) +\n#  ___(___ = 0.6, color=\"___\", linetype=\"___\")\n#\n#eu_2005f\n\n# enter your code here ...\n"],"message":["\nYou have not yet made an assignment to eu_2005f in chunk 3_b."]}
,
{"type":["check_ps"],"time":["2024-11-03 12:08:43"],"user":["Ilja Sukhanov"],"umph":[1730632123.6072],"ok":[true]}
,
{"type":["check_chunk"],"time":["2024-11-03 12:08:43"],"user":["Ilja Sukhanov"],"umph":[1730632123.6625],"ok":[true],"chunk":[20],"ex":[3],"e.ind":[0],"code":["eu_2005f <- eu_makro |>\n  filter(year==2005) |>\n  ggplot(aes(debt_share_country)) +\n  geom_histogram(binwidth = 0.01) + \n  ylab(\"Anzahl\") +\n  xlab(\"Schuldenquote\") +\n  geom_vline(xintercept = 0.6, color=\"red\", linetype=\"dashed\")\n\neu_2005f\n\n# enter your code here ...\n"],"message":[""]}
,
{"type":["check_chunk"],"time":["2024-11-03 12:08:43"],"user":["Ilja Sukhanov"],"umph":[1730632123.6655],"ok":[false],"chunk":[21],"ex":[3],"e.ind":[1],"code":["#eu_vergleich <- eu_makro |> \n#  filter(year==2005 | ___ | ___ | ___) |>\n#  ggplot(aes(___)) + \n#  geom_histogram(___) +\n#  geom_vline(xintercept = 0.6, color=\"red\", linetype=\"dashed\") +\n#  xlab(\"___\") +\n#  ylab(\"___\") +\n#  ggtitle(\"___\") +\n#  facet_wrap(___ ~., nrow=___)\n\n#eu_vergleich\n\n# enter your code here ...\n"],"message":["\nYou have not yet made an assignment to eu_vergleich in chunk 3_c."]}
,
{"type":["check_ps"],"time":["2024-11-03 12:15:33"],"user":["Ilja Sukhanov"],"umph":[1730632533.6388],"ok":[true]}
,
{"type":["check_chunk"],"time":["2024-11-03 12:15:36"],"user":["Ilja Sukhanov"],"umph":[1730632536.93],"ok":[false],"chunk":[21],"ex":[3],"e.ind":[1],"code":["eu_vergleich <- eu_makro |> \n  filter(year==2005 | year==2010 | year==2015 | year==2020) |>\n  ggplot(aes(debt_share_country)) + \n  geom_histogram(binwidth = 0.01) +\n  geom_vline(xintercept = 0.6, color=\"red\", linetype=\"dashed\") +\n  xlab(\"Schuldenquote\") +\n  ylab(\"Anzahl\") +\n  ggtitle(\"Verteilung der Schuldenquote\") +\n  facet_wrap(debt_share_country ~., nrow=4)\n\neu_vergleich\n"],"message":["\nYou have not made a correct assignment to eu_vergleich in chunk 3_c."]}
,
{"type":["check_ps"],"time":["2024-11-03 12:15:38"],"user":["Ilja Sukhanov"],"umph":[1730632538.367],"ok":[true]}
,
{"type":["check_chunk"],"time":["2024-11-03 12:15:38"],"user":["Ilja Sukhanov"],"umph":[1730632538.3738],"ok":[false],"chunk":[23],"ex":[3],"e.ind":[1],"code":["#balken <- eu_analyse |>\n#  mutate( typ = ___(___(debt_share_country>___,1,0)),\n#          relation = debt_share_country - ___)\n\n# enter your code here ...\n"],"message":["\nYou have not yet made an assignment to balken in chunk 3_e."]}
,
{"type":["hint"],"time":["2024-11-03 12:15:52"],"user":["Ilja Sukhanov"],"umph":[1730632552.2225],"ok":[true],"chunk":[23],"ex":[3],"e.ind":[1]}
,
{"type":["check_ps"],"time":["2024-11-03 12:16:57"],"user":["Ilja Sukhanov"],"umph":[1730632617.2475],"ok":[true]}
,
{"type":["check_chunk"],"time":["2024-11-03 12:17:01"],"user":["Ilja Sukhanov"],"umph":[1730632621.0713],"ok":[false],"chunk":[21],"ex":[3],"e.ind":[1],"code":["eu_vergleich <- eu_makro |> \n  filter(year==2005 | year==2010 | year==2015 | year==2020) |>\n  ggplot(aes(debt_share_country)) + \n  geom_histogram(binwidth = 0.01) +\n  geom_vline(xintercept = 0.6, color=\"red\", linetype=\"dashed\") +\n  xlab(\"Schuldenquote\") +\n  ylab(\"Anzahl\") +\n  ggtitle(\"Verteilung der Schuldenquote\") +\n  facet_wrap(~debt_share_country, nrow=4)\n\neu_vergleich\n"],"message":["\nYou have not made a correct assignment to eu_vergleich in chunk 3_c."]}
,
{"type":["hint"],"time":["2024-11-03 12:17:06"],"user":["Ilja Sukhanov"],"umph":[1730632626.7444],"ok":[true],"chunk":[21],"ex":[3],"e.ind":[1]}
,
{"type":["check_ps"],"time":["2024-11-03 12:17:51"],"user":["Ilja Sukhanov"],"umph":[1730632671.5229],"ok":[true]}
,
{"type":["check_chunk"],"time":["2024-11-03 12:17:51"],"user":["Ilja Sukhanov"],"umph":[1730632671.7454],"ok":[true],"chunk":[21],"ex":[3],"e.ind":[0],"code":["eu_vergleich <- eu_makro |> \n  filter(year==2005 | year==2010 | year==2015 | year==2020) |>\n  ggplot(aes(debt_share_country)) + \n  geom_histogram(binwidth = 0.01) +\n  geom_vline(xintercept = 0.6, color=\"red\", linetype=\"dashed\") +\n  xlab(\"Schuldenquote\") +\n  ylab(\"Anzahl\") +\n  ggtitle(\"Verteilung der Schuldenquote\") +\n  facet_wrap(year~., nrow=4)\n\neu_vergleich\n"],"message":[""]}
,
{"type":["check_chunk"],"time":["2024-11-03 12:17:51"],"user":["Ilja Sukhanov"],"umph":[1730632671.7491],"ok":[false],"chunk":[22],"ex":[3],"e.ind":[1],"code":["\n# enter your code here ...\n"],"message":["\nYou have not yet entered all correct commands in chunk 3_d."]}
,
{"type":["check_ps"],"time":["2024-11-03 12:18:49"],"user":["Ilja Sukhanov"],"umph":[1730632729.1674],"ok":[true]}
,
{"type":["check_chunk"],"time":["2024-11-03 12:18:49"],"user":["Ilja Sukhanov"],"umph":[1730632729.175],"ok":[true],"chunk":[22],"ex":[3],"e.ind":[0],"code":["\n1\n"],"message":[""]}
,
{"type":["check_chunk"],"time":["2024-11-03 12:18:49"],"user":["Ilja Sukhanov"],"umph":[1730632729.1793],"ok":[false],"chunk":[23],"ex":[3],"e.ind":[1],"code":["#balken <- eu_analyse |>\n#  mutate( typ = ___(___(debt_share_country>___,1,0)),\n#          relation = debt_share_country - ___)\n\n# enter your code here ...\n"],"message":["\nYou have not yet made an assignment to balken in chunk 3_e."]}
,
{"type":["check_ps"],"time":["2024-11-03 12:21:37"],"user":["Ilja Sukhanov"],"umph":[1730632897.3357],"ok":[true]}
,
{"type":["check_chunk"],"time":["2024-11-03 12:21:37"],"user":["Ilja Sukhanov"],"umph":[1730632897.3685],"ok":[false],"chunk":[23],"ex":[3],"e.ind":[0],"code":["balken <- eu_analyse |>\n  mutate( typ = if_else(.PH_._(debt_share_country>0.6,1,0)),\n          relation = debt_share_country - 0.6)\n"],"message":["evaluation error in \n  balken <- mutate(eu_analyse, typ = if_else(___(debt_share_country > 0.6, 1, 0)), relation = debt_share_country - 0.6)\n  \u001b[1m\u001b[33mError\u001b[39m in `mutate()`:\u001b[22m\n\u001b[38;5;232m\u001b[36mℹ\u001b[38;5;232m In argument: `typ = if_else(___(debt_share_country > 0.6, 1, 0))`.\u001b[39m\n\u001b[1mCaused by error in `___()`:\u001b[22m\n\u001b[33m!\u001b[39m could not find function \"___\"\n"]}
,
{"type":["hint"],"time":["2024-11-03 12:21:47"],"user":["Ilja Sukhanov"],"umph":[1730632907.8239],"ok":[true],"chunk":[23],"ex":[3],"e.ind":[0]}
,
{"type":["check_ps"],"time":["2024-11-03 12:22:35"],"user":["Ilja Sukhanov"],"umph":[1730632955.1859],"ok":[true]}
,
{"type":["check_chunk"],"time":["2024-11-03 12:22:35"],"user":["Ilja Sukhanov"],"umph":[1730632955.2038],"ok":[true],"chunk":[23],"ex":[3],"e.ind":[0],"code":["balken <- eu_analyse |>\n  mutate( typ = as.factor(if_else(debt_share_country>0.6,1,0)),\n          relation = debt_share_country - 0.6)\n"],"message":[""]}
,
{"type":["check_chunk"],"time":["2024-11-03 12:22:35"],"user":["Ilja Sukhanov"],"umph":[1730632955.2075],"ok":[false],"chunk":[24],"ex":[3],"e.ind":[1],"code":["#plot_balken <- balken |>\n#  filter(___) |>\n#  ggplot(aes(x=___, y=___)) + \n#  geom____(stat=___, aes(fill=___), width=___) +\n#  xlab(___) +\n#  ylab(___) +\n#  ___(\"Einhaltung der Maastricht Kriterien in 2005\")\n\n#plot_balken\n\n# enter your code here ...\n"],"message":["\nYou have not yet made an assignment to plot_balken in chunk 3_f."]}
,
{"type":["hint"],"time":["2024-11-03 12:28:03"],"user":["Ilja Sukhanov"],"umph":[1730633283.3206],"ok":[true],"chunk":[24],"ex":[3],"e.ind":[1]}
,
{"type":["check_ps"],"time":["2024-11-03 12:30:23"],"user":["Ilja Sukhanov"],"umph":[1730633423.4301],"ok":[true]}
,
{"type":["check_chunk"],"time":["2024-11-03 12:30:23"],"user":["Ilja Sukhanov"],"umph":[1730633423.5234],"ok":[false],"chunk":[24],"ex":[3],"e.ind":[1],"code":["plot_balken <- balken |>\n  filter(year==2005) |>\n  ggplot(aes(x=country, y=relation)) + \n  geom_bar(stat=\"identity\", aes(fill=typ), width=0.5) +\n  xlab(\"Laender\") +\n  ylab(\"Relation\") +\n  ggplot(\"Einhaltung der Maastricht Kriterien in 2005\")\n\nplot_balken\n"],"message":["\nYou have not made a correct assignment to plot_balken in chunk 3_f."]}
,
{"type":["check_ps"],"time":["2024-11-03 12:31:05"],"user":["Ilja Sukhanov"],"umph":[1730633465.2898],"ok":[true]}
,
{"type":["check_chunk"],"time":["2024-11-03 12:31:05"],"user":["Ilja Sukhanov"],"umph":[1730633465.3549],"ok":[true],"chunk":[24],"ex":[3],"e.ind":[0],"code":["plot_balken <- balken |>\n  filter(year==2005) |>\n  ggplot(aes(x=country, y=relation)) + \n  geom_bar(stat=\"identity\", aes(fill=typ), width=0.5) +\n  xlab(\"Laender\") +\n  ylab(\"Relation\") +\n  ggtitle(\"Einhaltung der Maastricht Kriterien in 2005\")\n\nplot_balken\n"],"message":[""]}
,
{"type":["check_chunk"],"time":["2024-11-03 12:31:05"],"user":["Ilja Sukhanov"],"umph":[1730633465.4433],"ok":[true],"chunk":[25],"ex":[3],"e.ind":[0],"code":["plot_balken_final <- plot_balken +\n  scale_fill_manual(name=\"Rel. Schuldenquote\", \n                    labels = c(\"Erfuellt Maastricht\", \"Verletzt Maastricht\"),\n                    values = c(\"0\"=\"springgreen4\", \"1\"=\"red\"))\n\nplot_balken_final"],"message":[""]}
,
{"type":["check_chunk"],"time":["2024-11-03 12:31:05"],"user":["Ilja Sukhanov"],"umph":[1730633465.4465],"ok":[false],"chunk":[26],"ex":[3],"e.ind":[1],"code":["#flipped_bars <- balken |>\n#  filter(year==2005 | ___) |>\n#  ggplot(aes(x=___, y=___)) + \n#  geom_bar(stat=___, aes(fill=___), width=___) +\n#  xlab(___) +\n#  ylab(\"Relation\") +\n#  ___(\"Einhaltung der Maastricht Kriterien in 2005 und 2023\") +\n#  facet_wrap( ___~., ncol=___) +\n#  coord_flip()\n\n#flipped_bars\n\n# enter your code here ...\n"],"message":["\nYou have not yet made an assignment to flipped_bars in chunk 3_h."]}
,
{"type":["check_ps"],"time":["2024-11-03 12:37:18"],"user":["Ilja Sukhanov"],"umph":[1730633838.5607],"ok":[true]}
,
{"type":["check_chunk"],"time":["2024-11-03 12:37:18"],"user":["Ilja Sukhanov"],"umph":[1730633838.6796],"ok":[true],"chunk":[26],"ex":[3],"e.ind":[0],"code":["flipped_bars <- balken |>\n  filter(year==2005 | year==2023) |>\n  ggplot(aes(x=country, y=relation)) + \n  geom_bar(stat=\"identity\", aes(fill=typ), width=0.5) +\n  xlab(\"Laender\") +\n  ylab(\"Relation\") +\n  ggtitle(\"Einhaltung der Maastricht Kriterien in 2005 und 2023\") +\n  facet_wrap( year~., ncol=2) +\n  coord_flip()\n\nflipped_bars\n"],"message":[""]}
,
{"type":["check_chunk"],"time":["2024-11-03 12:37:18"],"user":["Ilja Sukhanov"],"umph":[1730633838.8139],"ok":[true],"chunk":[27],"ex":[3],"e.ind":[0],"code":["flipped_bars +\n  scale_fill_manual(name=\"Rel. Schuldenquote\", \n                    labels = c(\"Erfuellt Maastricht\", \"Verletzt Maastricht\"),\n                    values = c(\"0\"=\"springgreen4\", \"1\"=\"red\"))"],"message":[""]}
,
{"type":["check_chunk"],"time":["2024-11-03 12:37:18"],"user":["Ilja Sukhanov"],"umph":[1730633838.8164],"ok":[false],"chunk":[28],"ex":[3],"e.ind":[0],"code":["#animated_bars <- balken |>\n#  ggplot(aes(x=___, y=___)) + \n#  geom_bar(stat=___, aes(fill=___), width=.5) +\n#  ___(\"Laender\") +\n#  ylab(___) +\n#  ___(\"Einhaltung der Maastricht Kriterien in 2005 und 2023\") +\n#  scale_fill_manual(name=\"Rel. Schuldenquote\", \n#                    ___ = c(\"Erfuellt Maastricht\", \"Verletzt Maastricht\"),\n#                    ___ = c(\"0\"=\"springgreen4\", \"1\"=\"red\")) +\n#  coord_flip()\n\n# enter your code here ...\n\nanimated_bars + transition_time(as.integer(year)) +\n  labs(title = \"Jahr: {frame_time}\")"],"message":["evaluation error in \n  animated_bars + transition_time(as.integer(year)) + labs(title = \"Jahr: {frame_time}\")\n  Error:  object 'animated_bars' not found\n"]}
,
{"type":["check_ps"],"time":["2024-11-03 12:41:05"],"user":["Ilja Sukhanov"],"umph":[1730634065.8903],"ok":[true]}
,
{"type":["check_chunk"],"time":["2024-11-03 12:41:10"],"user":["Ilja Sukhanov"],"umph":[1730634070.2826],"ok":[true],"chunk":[28],"ex":[3],"e.ind":[0],"code":["animated_bars <- balken |>\n  ggplot(aes(x=country, y=relation)) + \n  geom_bar(stat=\"identity\", aes(fill=typ), width=.5) +\n  xlab(\"Laender\") +\n  ylab(\"Relation\") +\n  ggtitle(\"Einhaltung der Maastricht Kriterien in 2005 und 2023\") +\n  scale_fill_manual(name=\"Rel. Schuldenquote\", \n                    labels = c(\"Erfuellt Maastricht\", \"Verletzt Maastricht\"),\n                    values = c(\"0\"=\"springgreen4\", \"1\"=\"red\")) +\n  coord_flip()\n\nanimated_bars + transition_time(as.integer(year)) +\n  labs(title = \"Jahr: {frame_time}\")"],"message":[""]}
,
{"type":["check_chunk"],"time":["2024-11-03 12:41:10"],"user":["Ilja Sukhanov"],"umph":[1730634070.3016],"ok":[true],"chunk":[29],"ex":[4],"e.ind":[0],"code":["dat <-  readRDS(\"./data/eu_macro_maps.Rds\")\nhead(dat)"],"message":[""]}
,
{"type":["check_chunk"],"time":["2024-11-03 12:41:10"],"user":["Ilja Sukhanov"],"umph":[1730634070.3576],"ok":[false],"chunk":[30],"ex":[4],"e.ind":[1],"code":["# Erstelle die Spalte debt_share in Prozent und gerundet\ndat <-  dat |>\n  mutate(debt_share = round(100*gov_debt / gdp))\n# Erstelle die Spalte label fuer die Beschriftung zur Verschuldung\n# in der Karte\ndat <-  dat |>\n  mutate(label = paste0(cntry,\" \", debt_share,\"%\"))\n\n# Erstelle schoene Farbpalette \n# mit RColorBrewer\ncolours = rev(brewer.pal(8,\"RdYlGn\"))\n#dat |>\n#  ggplot() +\n#  geom_sf(aes(fill=___, geometry=geometry)) +\n#  geom_sf_text(aes(label=___, geometry=geometry), size=3)+\n#  theme_void() + \n#  scale_fill_gradientn(colours = colours, name = ___) +\n#  theme(panel.grid.major = element_line(color = \"white\"))\n\n# enter your code here ...\n"],"message":["\nYou have not yet entered all correct commands in chunk 4_2."]}
,
{"type":["check_ps"],"time":["2024-11-03 12:42:45"],"user":["Ilja Sukhanov"],"umph":[1730634165.9872],"ok":[true]}
,
{"type":["check_chunk"],"time":["2024-11-03 12:42:46"],"user":["Ilja Sukhanov"],"umph":[1730634166.0066],"ok":[false],"chunk":[30],"ex":[4],"e.ind":[1],"code":["# Erstelle die Spalte debt_share in Prozent und gerundet\ndat <-  dat |>\n  mutate(debt_share = round(100*gov_debt / gdp))\n# Erstelle die Spalte label fuer die Beschriftung zur Verschuldung\n# in der Karte\ndat <-  dat |>\n  mutate(label = paste0(cntry,\" \", debt_share,\"%\"))\n\n# Erstelle schoene Farbpalette \n# mit RColorBrewer\ncolours = rev(brewer.pal(8,\"RdYlGn\"))\n#dat |>\n#  ggplot() +\n#  geom_sf(aes(fill=___, geometry=geometry)) +\n#  geom_sf_text(aes(label=___, geometry=geometry), size=3)+\n#  theme_void() + \n#  scale_fill_gradientn(colours = colours, name = ___) +\n#  theme(panel.grid.major = element_line(color = \"white\"))\n\n# enter your code here ...\n"],"message":["\nYou have not yet entered all correct commands in chunk 4_2."]}
,
{"type":["hint"],"time":["2024-11-03 12:43:54"],"user":["Ilja Sukhanov"],"umph":[1730634234.3466],"ok":[true],"chunk":[30],"ex":[4],"e.ind":[1]}
,
{"type":["check_ps"],"time":["2024-11-03 12:45:14"],"user":["Ilja Sukhanov"],"umph":[1730634314.5966],"ok":[true]}
,
{"type":["check_chunk"],"time":["2024-11-03 12:45:14"],"user":["Ilja Sukhanov"],"umph":[1730634314.8727],"ok":[true],"chunk":[30],"ex":[4],"e.ind":[0],"code":["# Erstelle die Spalte debt_share in Prozent und gerundet\ndat <-  dat |>\n  mutate(debt_share = round(100*gov_debt / gdp))\n# Erstelle die Spalte label fuer die Beschriftung zur Verschuldung\n# in der Karte\ndat <-  dat |>\n  mutate(label = paste0(cntry,\" \", debt_share,\"%\"))\n\n# Erstelle schoene Farbpalette \n# mit RColorBrewer\ncolours = rev(brewer.pal(8,\"RdYlGn\"))\ndat |>\n  ggplot() +\n  geom_sf(aes(fill=debt_share, geometry=geometry)) +\n  geom_sf_text(aes(label=label, geometry=geometry), size=3)+\n  theme_void() + \n  scale_fill_gradientn(colours = colours, name = \"Schuldenquote\") +\n  theme(panel.grid.major = element_line(color = \"white\"))\n"],"message":[""]}
,
{"type":["grade_ps"],"time":["2024-11-03 12:45:26"],"user":["Ilja Sukhanov"],"umph":[1730634326.0316],"ok":[true]}
,
{"type":["init_ps"],"time":["2024-11-03 12:45:26"],"user":["Ilja Sukhanov"],"umph":[1730634326.0535],"ok":[true]}
,
{"type":["check_chunk"],"time":["2024-11-03 12:45:26"],"user":["Ilja Sukhanov"],"umph":[1730634326.0619],"ok":[true],"chunk":[1],"ex":[1],"e.ind":[0],"code":["library(tidyverse)\nlibrary(pander)\nlibrary(sf)\nlibrary(gganimate)\nlibrary(ggrepel)\nlibrary(skimr)\nlibrary(RColorBrewer)\nlibrary(gifski)"],"message":[""]}
,
{"type":["check_chunk"],"time":["2024-11-03 12:45:26"],"user":["Ilja Sukhanov"],"umph":[1730634326.181],"ok":[true],"chunk":[2],"ex":[1],"e.ind":[0],"code":["eu_makro <- read_csv(\"data/EU_Makro.csv\")"],"message":[""]}
,
{"type":["check_chunk"],"time":["2024-11-03 12:45:26"],"user":["Ilja Sukhanov"],"umph":[1730634326.2953],"ok":[true],"chunk":[3],"ex":[1],"e.ind":[0],"code":["\nueberblick <- skim(eu_makro)\n\nueberblick\n"],"message":[""]}
,
{"type":["check_chunk"],"time":["2024-11-03 12:45:26"],"user":["Ilja Sukhanov"],"umph":[1730634326.3294],"ok":[true],"chunk":[4],"ex":[1],"e.ind":[0],"code":["panderOptions('knitr.auto.asis', FALSE)\nueberblick |> pander(style=\"rmarkdown\") "],"message":[""]}
,
{"type":["check_chunk"],"time":["2024-11-03 12:45:26"],"user":["Ilja Sukhanov"],"umph":[1730634326.3323],"ok":[true],"chunk":[5],"ex":[1],"e.ind":[0],"code":["\n2\n"],"message":[""]}
,
{"type":["check_chunk"],"time":["2024-11-03 12:45:26"],"user":["Ilja Sukhanov"],"umph":[1730634326.335],"ok":[true],"chunk":[6],"ex":[1],"e.ind":[0],"code":["\n2\n"],"message":[""]}
,
{"type":["check_chunk"],"time":["2024-11-03 12:45:26"],"user":["Ilja Sukhanov"],"umph":[1730634326.3624],"ok":[true],"chunk":[7],"ex":[1],"e.ind":[0],"code":["deskriptives <- eu_makro |>\n  group_by(country) |>\n  summarize(Mittel = round(mean(debt_share_country, na.rm=TRUE),2),\n            SD = round(sd(debt_share_country, na.rm=TRUE),2),\n            Min = round(min(debt_share_country, na.rm=TRUE),2),\n            Median = round(median(debt_share_country, na.rm=TRUE),2),\n            Max = round(max(debt_share_country, na.rm=TRUE),2)) |>\n  arrange(desc(Median))\n\ndeskriptives\n"],"message":[""]}
,
{"type":["check_chunk"],"time":["2024-11-03 12:45:26"],"user":["Ilja Sukhanov"],"umph":[1730634326.3896],"ok":[true],"chunk":[8],"ex":[2],"e.ind":[0],"code":["eu_makro <- read_csv(\"./data/EU_Makro.csv\")"],"message":[""]}
,
{"type":["check_chunk"],"time":["2024-11-03 12:45:26"],"user":["Ilja Sukhanov"],"umph":[1730634326.3951],"ok":[true],"chunk":[9],"ex":[2],"e.ind":[0],"code":["\ndeutschland <- eu_makro |>\n  filter(country==\"Germany\")\n"],"message":[""]}
,
{"type":["check_chunk"],"time":["2024-11-03 12:45:26"],"user":["Ilja Sukhanov"],"umph":[1730634326.469],"ok":[true],"chunk":[10],"ex":[2],"e.ind":[0],"code":["\ng1 <- deutschland |>\n  ggplot() + geom_point(aes(x=year,y=gdp))\n\ng1\n"],"message":[""]}
,
{"type":["check_chunk"],"time":["2024-11-03 12:45:26"],"user":["Ilja Sukhanov"],"umph":[1730634326.5317],"ok":[true],"chunk":[11],"ex":[2],"e.ind":[0],"code":["\ng2 <- g1 + geom_line(aes(x=year,y=gov_debt))\n\ng2\n"],"message":[""]}
,
{"type":["check_chunk"],"time":["2024-11-03 12:45:26"],"user":["Ilja Sukhanov"],"umph":[1730634326.654],"ok":[true],"chunk":[12],"ex":[2],"e.ind":[0],"code":[" g3 <- eu_makro |>\n   ggplot() + \n   geom_line(aes(x = year, y = debt_share_country, group=country, colour=country))\n\ng3\n\n# enter your code here ...\n"],"message":[""]}
,
{"type":["check_chunk"],"time":["2024-11-03 12:45:26"],"user":["Ilja Sukhanov"],"umph":[1730634326.6599],"ok":[true],"chunk":[13],"ex":[2],"e.ind":[0],"code":["eu_analyse <- eu_makro |>\n  filter(year>=1995) |>\n  mutate( Laender = case_when(\n    country == \"Germany\" ~ \"Deutschland\",\n    country == \"Italy\" ~ \"Italien\",\n    TRUE ~ \"Andere\"))\n"],"message":[""]}
,
{"type":["check_chunk"],"time":["2024-11-03 12:45:26"],"user":["Ilja Sukhanov"],"umph":[1730634326.7919],"ok":[true],"chunk":[14],"ex":[2],"e.ind":[0],"code":["g4 <- eu_analyse |>\n  ggplot() + \n  geom_line(aes(x = year, y = debt_share_country, group = country, colour = Laender))\n\ng4\n"],"message":[""]}
,
{"type":["check_chunk"],"time":["2024-11-03 12:45:26"],"user":["Ilja Sukhanov"],"umph":[1730634326.8901],"ok":[true],"chunk":[15],"ex":[2],"e.ind":[0],"code":["g5 <- g4 + \n  ylab(\"Schuldenquote\") + \n  xlab(\"Jahr\") +\n  scale_colour_manual(name = \"Laender\", \n                      values = c(\"grey\", \"springgreen4\", \"blue\"))\ng5\n"],"message":[""]}
,
{"type":["check_chunk"],"time":["2024-11-03 12:45:27"],"user":["Ilja Sukhanov"],"umph":[1730634327.0118],"ok":[true],"chunk":[16],"ex":[2],"e.ind":[0],"code":["final <- g5 +\n  ggtitle(\"Schuldenquote einzelner EU-Laender von 1995 - 2023\") +\n  geom_hline(yintercept=0.60, color = \"red\")\n\nfinal\n"],"message":[""]}
,
{"type":["check_chunk"],"time":["2024-11-03 12:45:27"],"user":["Ilja Sukhanov"],"umph":[1730634327.1282],"ok":[true],"chunk":[17],"ex":[2],"e.ind":[0],"code":["final +\n  theme_bw() +\n  guides(color = FALSE) +\n  geom_text_repel(aes(x = year, y = debt_share_country, label = Laender),\n                  data          = filter(eu_analyse |> filter(Laender!=\"Andere\", year==last(year))),\n                  size          = 4,\n                  box.padding   = 1.5,\n                  point.padding = 0.5,\n                  force         = 100,\n                  segment.size  = 0.2,\n                  segment.color = \"grey50\",\n                  direction     = \"x\")"],"message":[""]}
,
{"type":["check_chunk"],"time":["2024-11-03 12:45:27"],"user":["Ilja Sukhanov"],"umph":[1730634327.1568],"ok":[true],"chunk":[18],"ex":[3],"e.ind":[0],"code":["eu_makro <- read_csv(\"./data/EU_Makro.csv\")\neu_analyse <- eu_makro |>\n  filter(year>=1995) |>\n  mutate( Laender = case_when(\n    country == \"Germany\" ~ \"Deutschland\",\n    country == \"Italy\" ~ \"Italien\",\n    TRUE ~ \"Andere\"))"],"message":[""]}
,
{"type":["check_chunk"],"time":["2024-11-03 12:45:27"],"user":["Ilja Sukhanov"],"umph":[1730634327.2316],"ok":[true],"chunk":[19],"ex":[3],"e.ind":[0],"code":["eu_2005 <- eu_makro |> \n  filter(year==2005) |>\n  ggplot(aes(debt_share_country)) + \n  geom_histogram()\n\neu_2005\n"],"message":[""]}
,
{"type":["check_chunk"],"time":["2024-11-03 12:45:27"],"user":["Ilja Sukhanov"],"umph":[1730634327.3068],"ok":[true],"chunk":[20],"ex":[3],"e.ind":[0],"code":["eu_2005f <- eu_makro |>\n  filter(year==2005) |>\n  ggplot(aes(debt_share_country)) +\n  geom_histogram(binwidth = 0.01) + \n  ylab(\"Anzahl\") +\n  xlab(\"Schuldenquote\") +\n  geom_vline(xintercept = 0.6, color=\"red\", linetype=\"dashed\")\n\neu_2005f\n\n# enter your code here ...\n"],"message":[""]}
,
{"type":["check_chunk"],"time":["2024-11-03 12:45:27"],"user":["Ilja Sukhanov"],"umph":[1730634327.4823],"ok":[true],"chunk":[21],"ex":[3],"e.ind":[0],"code":["eu_vergleich <- eu_makro |> \n  filter(year==2005 | year==2010 | year==2015 | year==2020) |>\n  ggplot(aes(debt_share_country)) + \n  geom_histogram(binwidth = 0.01) +\n  geom_vline(xintercept = 0.6, color=\"red\", linetype=\"dashed\") +\n  xlab(\"Schuldenquote\") +\n  ylab(\"Anzahl\") +\n  ggtitle(\"Verteilung der Schuldenquote\") +\n  facet_wrap(year~., nrow=4)\n\neu_vergleich\n"],"message":[""]}
,
{"type":["check_chunk"],"time":["2024-11-03 12:45:27"],"user":["Ilja Sukhanov"],"umph":[1730634327.4851],"ok":[true],"chunk":[22],"ex":[3],"e.ind":[0],"code":["\n1\n"],"message":[""]}
,
{"type":["check_chunk"],"time":["2024-11-03 12:45:27"],"user":["Ilja Sukhanov"],"umph":[1730634327.4902],"ok":[true],"chunk":[23],"ex":[3],"e.ind":[0],"code":["balken <- eu_analyse |>\n  mutate( typ = as.factor(if_else(debt_share_country>0.6,1,0)),\n          relation = debt_share_country - 0.6)\n"],"message":[""]}
,
{"type":["check_chunk"],"time":["2024-11-03 12:45:27"],"user":["Ilja Sukhanov"],"umph":[1730634327.5913],"ok":[true],"chunk":[24],"ex":[3],"e.ind":[0],"code":["plot_balken <- balken |>\n  filter(year==2005) |>\n  ggplot(aes(x=country, y=relation)) + \n  geom_bar(stat=\"identity\", aes(fill=typ), width=0.5) +\n  xlab(\"Laender\") +\n  ylab(\"Relation\") +\n  ggtitle(\"Einhaltung der Maastricht Kriterien in 2005\")\n\nplot_balken\n"],"message":[""]}
,
{"type":["check_chunk"],"time":["2024-11-03 12:45:27"],"user":["Ilja Sukhanov"],"umph":[1730634327.6695],"ok":[true],"chunk":[25],"ex":[3],"e.ind":[0],"code":["plot_balken_final <- plot_balken +\n  scale_fill_manual(name=\"Rel. Schuldenquote\", \n                    labels = c(\"Erfuellt Maastricht\", \"Verletzt Maastricht\"),\n                    values = c(\"0\"=\"springgreen4\", \"1\"=\"red\"))\n\nplot_balken_final"],"message":[""]}
,
{"type":["check_chunk"],"time":["2024-11-03 12:45:27"],"user":["Ilja Sukhanov"],"umph":[1730634327.7948],"ok":[true],"chunk":[26],"ex":[3],"e.ind":[0],"code":["flipped_bars <- balken |>\n  filter(year==2005 | year==2023) |>\n  ggplot(aes(x=country, y=relation)) + \n  geom_bar(stat=\"identity\", aes(fill=typ), width=0.5) +\n  xlab(\"Laender\") +\n  ylab(\"Relation\") +\n  ggtitle(\"Einhaltung der Maastricht Kriterien in 2005 und 2023\") +\n  facet_wrap( year~., ncol=2) +\n  coord_flip()\n\nflipped_bars\n"],"message":[""]}
,
{"type":["check_chunk"],"time":["2024-11-03 12:45:27"],"user":["Ilja Sukhanov"],"umph":[1730634327.9308],"ok":[true],"chunk":[27],"ex":[3],"e.ind":[0],"code":["flipped_bars +\n  scale_fill_manual(name=\"Rel. Schuldenquote\", \n                    labels = c(\"Erfuellt Maastricht\", \"Verletzt Maastricht\"),\n                    values = c(\"0\"=\"springgreen4\", \"1\"=\"red\"))"],"message":[""]}
,
{"type":["check_chunk"],"time":["2024-11-03 12:45:32"],"user":["Ilja Sukhanov"],"umph":[1730634332.4508],"ok":[true],"chunk":[28],"ex":[3],"e.ind":[0],"code":["animated_bars <- balken |>\n  ggplot(aes(x=country, y=relation)) + \n  geom_bar(stat=\"identity\", aes(fill=typ), width=.5) +\n  xlab(\"Laender\") +\n  ylab(\"Relation\") +\n  ggtitle(\"Einhaltung der Maastricht Kriterien in 2005 und 2023\") +\n  scale_fill_manual(name=\"Rel. Schuldenquote\", \n                    labels = c(\"Erfuellt Maastricht\", \"Verletzt Maastricht\"),\n                    values = c(\"0\"=\"springgreen4\", \"1\"=\"red\")) +\n  coord_flip()\n\nanimated_bars + transition_time(as.integer(year)) +\n  labs(title = \"Jahr: {frame_time}\")"],"message":[""]}
,
{"type":["check_chunk"],"time":["2024-11-03 12:45:32"],"user":["Ilja Sukhanov"],"umph":[1730634332.4667],"ok":[true],"chunk":[29],"ex":[4],"e.ind":[0],"code":["dat <-  readRDS(\"./data/eu_macro_maps.Rds\")\nhead(dat)"],"message":[""]}
,
{"type":["check_chunk"],"time":["2024-11-03 12:45:32"],"user":["Ilja Sukhanov"],"umph":[1730634332.7444],"ok":[true],"chunk":[30],"ex":[4],"e.ind":[0],"code":["# Erstelle die Spalte debt_share in Prozent und gerundet\ndat <-  dat |>\n  mutate(debt_share = round(100*gov_debt / gdp))\n# Erstelle die Spalte label fuer die Beschriftung zur Verschuldung\n# in der Karte\ndat <-  dat |>\n  mutate(label = paste0(cntry,\" \", debt_share,\"%\"))\n\n# Erstelle schoene Farbpalette \n# mit RColorBrewer\ncolours = rev(brewer.pal(8,\"RdYlGn\"))\ndat |>\n  ggplot() +\n  geom_sf(aes(fill=debt_share, geometry=geometry)) +\n  geom_sf_text(aes(label=label, geometry=geometry), size=3)+\n  theme_void() + \n  scale_fill_gradientn(colours = colours, name = \"Schuldenquote\") +\n  theme(panel.grid.major = element_line(color = \"white\"))\n"],"message":[""]}
,
{"type":["grade_ps"],"time":["2024-11-03 12:47:09"],"user":["Ilja Sukhanov"],"umph":[1730634429.5517],"ok":[true]}
,
{"type":["init_ps"],"time":["2024-11-03 12:47:09"],"user":["Ilja Sukhanov"],"umph":[1730634429.5798],"ok":[true]}
,
{"type":["check_chunk"],"time":["2024-11-03 12:47:09"],"user":["Ilja Sukhanov"],"umph":[1730634429.5935],"ok":[true],"chunk":[1],"ex":[1],"e.ind":[0],"code":["library(tidyverse)\nlibrary(pander)\nlibrary(sf)\nlibrary(gganimate)\nlibrary(ggrepel)\nlibrary(skimr)\nlibrary(RColorBrewer)\nlibrary(gifski)"],"message":[""]}
,
{"type":["check_chunk"],"time":["2024-11-03 12:47:09"],"user":["Ilja Sukhanov"],"umph":[1730634429.7796],"ok":[true],"chunk":[2],"ex":[1],"e.ind":[0],"code":["eu_makro <- read_csv(\"data/EU_Makro.csv\")"],"message":[""]}
,
{"type":["check_chunk"],"time":["2024-11-03 12:47:09"],"user":["Ilja Sukhanov"],"umph":[1730634429.8982],"ok":[true],"chunk":[3],"ex":[1],"e.ind":[0],"code":["\nueberblick <- skim(eu_makro)\n\nueberblick\n"],"message":[""]}
,
{"type":["check_chunk"],"time":["2024-11-03 12:47:09"],"user":["Ilja Sukhanov"],"umph":[1730634429.9339],"ok":[true],"chunk":[4],"ex":[1],"e.ind":[0],"code":["panderOptions('knitr.auto.asis', FALSE)\nueberblick |> pander(style=\"rmarkdown\") "],"message":[""]}
,
{"type":["check_chunk"],"time":["2024-11-03 12:47:09"],"user":["Ilja Sukhanov"],"umph":[1730634429.9371],"ok":[true],"chunk":[5],"ex":[1],"e.ind":[0],"code":["\n2\n"],"message":[""]}
,
{"type":["check_chunk"],"time":["2024-11-03 12:47:09"],"user":["Ilja Sukhanov"],"umph":[1730634429.9401],"ok":[true],"chunk":[6],"ex":[1],"e.ind":[0],"code":["\n2\n"],"message":[""]}
,
{"type":["check_chunk"],"time":["2024-11-03 12:47:09"],"user":["Ilja Sukhanov"],"umph":[1730634429.995],"ok":[true],"chunk":[7],"ex":[1],"e.ind":[0],"code":["deskriptives <- eu_makro |>\n  group_by(country) |>\n  summarize(Mittel = round(mean(debt_share_country, na.rm=TRUE),2),\n            SD = round(sd(debt_share_country, na.rm=TRUE),2),\n            Min = round(min(debt_share_country, na.rm=TRUE),2),\n            Median = round(median(debt_share_country, na.rm=TRUE),2),\n            Max = round(max(debt_share_country, na.rm=TRUE),2)) |>\n  arrange(desc(Median))\n\ndeskriptives\n"],"message":[""]}
,
{"type":["check_chunk"],"time":["2024-11-03 12:47:10"],"user":["Ilja Sukhanov"],"umph":[1730634430.0235],"ok":[true],"chunk":[8],"ex":[2],"e.ind":[0],"code":["eu_makro <- read_csv(\"./data/EU_Makro.csv\")"],"message":[""]}
,
{"type":["check_chunk"],"time":["2024-11-03 12:47:10"],"user":["Ilja Sukhanov"],"umph":[1730634430.0363],"ok":[true],"chunk":[9],"ex":[2],"e.ind":[0],"code":["\ndeutschland <- eu_makro |>\n  filter(country==\"Germany\")\n"],"message":[""]}
,
{"type":["check_chunk"],"time":["2024-11-03 12:47:10"],"user":["Ilja Sukhanov"],"umph":[1730634430.0853],"ok":[true],"chunk":[10],"ex":[2],"e.ind":[0],"code":["\ng1 <- deutschland |>\n  ggplot() + geom_point(aes(x=year,y=gdp))\n\ng1\n"],"message":[""]}
,
{"type":["check_chunk"],"time":["2024-11-03 12:47:10"],"user":["Ilja Sukhanov"],"umph":[1730634430.1729],"ok":[true],"chunk":[11],"ex":[2],"e.ind":[0],"code":["\ng2 <- g1 + geom_line(aes(x=year,y=gov_debt))\n\ng2\n"],"message":[""]}
,
{"type":["check_chunk"],"time":["2024-11-03 12:47:10"],"user":["Ilja Sukhanov"],"umph":[1730634430.2858],"ok":[true],"chunk":[12],"ex":[2],"e.ind":[0],"code":[" g3 <- eu_makro |>\n   ggplot() + \n   geom_line(aes(x = year, y = debt_share_country, group=country, colour=country))\n\ng3\n\n# enter your code here ...\n"],"message":[""]}
,
{"type":["check_chunk"],"time":["2024-11-03 12:47:10"],"user":["Ilja Sukhanov"],"umph":[1730634430.2917],"ok":[true],"chunk":[13],"ex":[2],"e.ind":[0],"code":["eu_analyse <- eu_makro |>\n  filter(year>=1995) |>\n  mutate( Laender = case_when(\n    country == \"Germany\" ~ \"Deutschland\",\n    country == \"Italy\" ~ \"Italien\",\n    TRUE ~ \"Andere\"))\n"],"message":[""]}
,
{"type":["check_chunk"],"time":["2024-11-03 12:47:10"],"user":["Ilja Sukhanov"],"umph":[1730634430.4364],"ok":[true],"chunk":[14],"ex":[2],"e.ind":[0],"code":["g4 <- eu_analyse |>\n  ggplot() + \n  geom_line(aes(x = year, y = debt_share_country, group = country, colour = Laender))\n\ng4\n"],"message":[""]}
,
{"type":["check_chunk"],"time":["2024-11-03 12:47:10"],"user":["Ilja Sukhanov"],"umph":[1730634430.5598],"ok":[true],"chunk":[15],"ex":[2],"e.ind":[0],"code":["g5 <- g4 + \n  ylab(\"Schuldenquote\") + \n  xlab(\"Jahr\") +\n  scale_colour_manual(name = \"Laender\", \n                      values = c(\"grey\", \"springgreen4\", \"blue\"))\ng5\n"],"message":[""]}
,
{"type":["check_chunk"],"time":["2024-11-03 12:47:10"],"user":["Ilja Sukhanov"],"umph":[1730634430.6531],"ok":[true],"chunk":[16],"ex":[2],"e.ind":[0],"code":["final <- g5 +\n  ggtitle(\"Schuldenquote einzelner EU-Laender von 1995 - 2023\") +\n  geom_hline(yintercept=0.60, color = \"red\")\n\nfinal\n"],"message":[""]}
,
{"type":["check_chunk"],"time":["2024-11-03 12:47:10"],"user":["Ilja Sukhanov"],"umph":[1730634430.7473],"ok":[true],"chunk":[17],"ex":[2],"e.ind":[0],"code":["final +\n  theme_bw() +\n  guides(color = FALSE) +\n  geom_text_repel(aes(x = year, y = debt_share_country, label = Laender),\n                  data          = filter(eu_analyse |> filter(Laender!=\"Andere\", year==last(year))),\n                  size          = 4,\n                  box.padding   = 1.5,\n                  point.padding = 0.5,\n                  force         = 100,\n                  segment.size  = 0.2,\n                  segment.color = \"grey50\",\n                  direction     = \"x\")"],"message":[""]}
,
{"type":["check_chunk"],"time":["2024-11-03 12:47:10"],"user":["Ilja Sukhanov"],"umph":[1730634430.8876],"ok":[true],"chunk":[18],"ex":[3],"e.ind":[0],"code":["eu_makro <- read_csv(\"./data/EU_Makro.csv\")\neu_analyse <- eu_makro |>\n  filter(year>=1995) |>\n  mutate( Laender = case_when(\n    country == \"Germany\" ~ \"Deutschland\",\n    country == \"Italy\" ~ \"Italien\",\n    TRUE ~ \"Andere\"))"],"message":[""]}
,
{"type":["check_chunk"],"time":["2024-11-03 12:47:10"],"user":["Ilja Sukhanov"],"umph":[1730634430.955],"ok":[true],"chunk":[19],"ex":[3],"e.ind":[0],"code":["eu_2005 <- eu_makro |> \n  filter(year==2005) |>\n  ggplot(aes(debt_share_country)) + \n  geom_histogram()\n\neu_2005\n"],"message":[""]}
,
{"type":["check_chunk"],"time":["2024-11-03 12:47:11"],"user":["Ilja Sukhanov"],"umph":[1730634431.0205],"ok":[true],"chunk":[20],"ex":[3],"e.ind":[0],"code":["eu_2005f <- eu_makro |>\n  filter(year==2005) |>\n  ggplot(aes(debt_share_country)) +\n  geom_histogram(binwidth = 0.01) + \n  ylab(\"Anzahl\") +\n  xlab(\"Schuldenquote\") +\n  geom_vline(xintercept = 0.6, color=\"red\", linetype=\"dashed\")\n\neu_2005f\n\n# enter your code here ...\n"],"message":[""]}
,
{"type":["check_chunk"],"time":["2024-11-03 12:47:11"],"user":["Ilja Sukhanov"],"umph":[1730634431.2075],"ok":[true],"chunk":[21],"ex":[3],"e.ind":[0],"code":["eu_vergleich <- eu_makro |> \n  filter(year==2005 | year==2010 | year==2015 | year==2020) |>\n  ggplot(aes(debt_share_country)) + \n  geom_histogram(binwidth = 0.01) +\n  geom_vline(xintercept = 0.6, color=\"red\", linetype=\"dashed\") +\n  xlab(\"Schuldenquote\") +\n  ylab(\"Anzahl\") +\n  ggtitle(\"Verteilung der Schuldenquote\") +\n  facet_wrap(year~., nrow=4)\n\neu_vergleich\n"],"message":[""]}
,
{"type":["check_chunk"],"time":["2024-11-03 12:47:11"],"user":["Ilja Sukhanov"],"umph":[1730634431.2104],"ok":[true],"chunk":[22],"ex":[3],"e.ind":[0],"code":["\n1\n"],"message":[""]}
,
{"type":["check_chunk"],"time":["2024-11-03 12:47:11"],"user":["Ilja Sukhanov"],"umph":[1730634431.2153],"ok":[true],"chunk":[23],"ex":[3],"e.ind":[0],"code":["balken <- eu_analyse |>\n  mutate( typ = as.factor(if_else(debt_share_country>0.6,1,0)),\n          relation = debt_share_country - 0.6)\n"],"message":[""]}
,
{"type":["check_chunk"],"time":["2024-11-03 12:47:11"],"user":["Ilja Sukhanov"],"umph":[1730634431.3295],"ok":[true],"chunk":[24],"ex":[3],"e.ind":[0],"code":["plot_balken <- balken |>\n  filter(year==2005) |>\n  ggplot(aes(x=country, y=relation)) + \n  geom_bar(stat=\"identity\", aes(fill=typ), width=0.5) +\n  xlab(\"Laender\") +\n  ylab(\"Relation\") +\n  ggtitle(\"Einhaltung der Maastricht Kriterien in 2005\")\n\nplot_balken\n"],"message":[""]}
,
{"type":["check_chunk"],"time":["2024-11-03 12:47:11"],"user":["Ilja Sukhanov"],"umph":[1730634431.4157],"ok":[true],"chunk":[25],"ex":[3],"e.ind":[0],"code":["plot_balken_final <- plot_balken +\n  scale_fill_manual(name=\"Rel. Schuldenquote\", \n                    labels = c(\"Erfuellt Maastricht\", \"Verletzt Maastricht\"),\n                    values = c(\"0\"=\"springgreen4\", \"1\"=\"red\"))\n\nplot_balken_final"],"message":[""]}
,
{"type":["check_chunk"],"time":["2024-11-03 12:47:11"],"user":["Ilja Sukhanov"],"umph":[1730634431.5459],"ok":[true],"chunk":[26],"ex":[3],"e.ind":[0],"code":["flipped_bars <- balken |>\n  filter(year==2005 | year==2023) |>\n  ggplot(aes(x=country, y=relation)) + \n  geom_bar(stat=\"identity\", aes(fill=typ), width=0.5) +\n  xlab(\"Laender\") +\n  ylab(\"Relation\") +\n  ggtitle(\"Einhaltung der Maastricht Kriterien in 2005 und 2023\") +\n  facet_wrap( year~., ncol=2) +\n  coord_flip()\n\nflipped_bars\n"],"message":[""]}
,
{"type":["check_chunk"],"time":["2024-11-03 12:47:11"],"user":["Ilja Sukhanov"],"umph":[1730634431.6719],"ok":[true],"chunk":[27],"ex":[3],"e.ind":[0],"code":["flipped_bars +\n  scale_fill_manual(name=\"Rel. Schuldenquote\", \n                    labels = c(\"Erfuellt Maastricht\", \"Verletzt Maastricht\"),\n                    values = c(\"0\"=\"springgreen4\", \"1\"=\"red\"))"],"message":[""]}
,
{"type":["check_chunk"],"time":["2024-11-03 12:47:16"],"user":["Ilja Sukhanov"],"umph":[1730634436.3153],"ok":[true],"chunk":[28],"ex":[3],"e.ind":[0],"code":["animated_bars <- balken |>\n  ggplot(aes(x=country, y=relation)) + \n  geom_bar(stat=\"identity\", aes(fill=typ), width=.5) +\n  xlab(\"Laender\") +\n  ylab(\"Relation\") +\n  ggtitle(\"Einhaltung der Maastricht Kriterien in 2005 und 2023\") +\n  scale_fill_manual(name=\"Rel. Schuldenquote\", \n                    labels = c(\"Erfuellt Maastricht\", \"Verletzt Maastricht\"),\n                    values = c(\"0\"=\"springgreen4\", \"1\"=\"red\")) +\n  coord_flip()\n\nanimated_bars + transition_time(as.integer(year)) +\n  labs(title = \"Jahr: {frame_time}\")"],"message":[""]}
,
{"type":["check_chunk"],"time":["2024-11-03 12:47:16"],"user":["Ilja Sukhanov"],"umph":[1730634436.3306],"ok":[true],"chunk":[29],"ex":[4],"e.ind":[0],"code":["dat <-  readRDS(\"./data/eu_macro_maps.Rds\")\nhead(dat)"],"message":[""]}
,
{"type":["check_chunk"],"time":["2024-11-03 12:47:16"],"user":["Ilja Sukhanov"],"umph":[1730634436.6434],"ok":[true],"chunk":[30],"ex":[4],"e.ind":[0],"code":["# Erstelle die Spalte debt_share in Prozent und gerundet\ndat <-  dat |>\n  mutate(debt_share = round(100*gov_debt / gdp))\n# Erstelle die Spalte label fuer die Beschriftung zur Verschuldung\n# in der Karte\ndat <-  dat |>\n  mutate(label = paste0(cntry,\" \", debt_share,\"%\"))\n\n# Erstelle schoene Farbpalette \n# mit RColorBrewer\ncolours = rev(brewer.pal(8,\"RdYlGn\"))\ndat |>\n  ggplot() +\n  geom_sf(aes(fill=debt_share, geometry=geometry)) +\n  geom_sf_text(aes(label=label, geometry=geometry), size=3)+\n  theme_void() + \n  scale_fill_gradientn(colours = colours, name = \"Schuldenquote\") +\n  theme(panel.grid.major = element_line(color = \"white\"))\n"],"message":[""]}
,
