{"type":["init_ps"],"time":["2025-04-30 17:16:33"],"user":["Ilja Sukhanov"],"umph":[1746026193.7912],"ok":[true]}
,
{"type":["check_chunk"],"time":["2025-04-30 17:16:34"],"user":["Ilja Sukhanov"],"umph":[1746026194.0087],"ok":[true],"chunk":[1],"ex":[1],"e.ind":[0],"code":["library(wooldridge)\ndata(wage1)\nhead(wage1)\nskim(wage1)"],"message":[""]}
,
{"type":["check_chunk"],"time":["2025-04-30 17:16:34"],"user":["Ilja Sukhanov"],"umph":[1746026194.0163],"ok":[true],"chunk":[2],"ex":[1],"e.ind":[0],"code":["\nreg1 <- lm(wage ~ educ, data = wage1)\n\n\nsummary(reg1)\n"],"message":[""]}
,
{"type":["check_chunk"],"time":["2025-04-30 17:16:34"],"user":["Ilja Sukhanov"],"umph":[1746026194.029],"ok":[false],"chunk":[3],"ex":[1],"e.ind":[1],"code":["\n# enter your code here ...\n"],"message":["\nYou have not yet entered all correct commands in chunk 1_c."]}
,
{"type":["check_ps"],"time":["2025-04-30 17:17:16"],"user":["Ilja Sukhanov"],"umph":[1746026236.8896],"ok":[true]}
,
{"type":["check_chunk"],"time":["2025-04-30 17:17:16"],"user":["Ilja Sukhanov"],"umph":[1746026236.897],"ok":[true],"chunk":[3],"ex":[1],"e.ind":[0],"code":["\n\"nein\"\n"],"message":[""]}
,
{"type":["check_chunk"],"time":["2025-04-30 17:17:16"],"user":["Ilja Sukhanov"],"umph":[1746026236.9354],"ok":[false],"chunk":[4],"ex":[1],"e.ind":[0],"code":["wage1 |>\n mutate(gender = ifelse(female==1,\".PH_._\",\".PH_._\")) |>\n group_by(gender) |>\n summarize(mean(.PH_._))\n\n# enter your code here ...\n"],"message":["evaluation error in \n  summarize(group_by(mutate(wage1, gender = ifelse(female == 1, \"___\", \"___\")), gender), mean(___))\n  \u001b[1m\u001b[33mError\u001b[39m in `summarize()`:\u001b[22m\n\u001b[38;5;232m\u001b[36mℹ\u001b[38;5;232m In argument: `mean(___)`.\n\u001b[36mℹ\u001b[38;5;232m In group 1: `gender = \"___\"`.\u001b[39m\n\u001b[1mCaused by error:\u001b[22m\n\u001b[33m!\u001b[39m object '___' not found\n"]}
,
{"type":["check_ps"],"time":["2025-04-30 17:19:40"],"user":["Ilja Sukhanov"],"umph":[1746026380.4339],"ok":[true]}
,
{"type":["check_chunk"],"time":["2025-04-30 17:19:40"],"user":["Ilja Sukhanov"],"umph":[1746026380.4546],"ok":[true],"chunk":[4],"ex":[1],"e.ind":[0],"code":["wage1 |>\n mutate(gender = ifelse(female==1,\"female\",\"male\")) |>\n group_by(gender) |>\n summarize(mean(educ))\n"],"message":[""]}
,
{"type":["check_chunk"],"time":["2025-04-30 17:19:40"],"user":["Ilja Sukhanov"],"umph":[1746026380.4728],"ok":[true],"chunk":[5],"ex":[1],"e.ind":[0],"code":["grViz('digraph G {\n\nx [label=\"Ausbildungsjahre x\"]\ny [label=\"Stundenlohn y\"]\nw [label=\"maennlich\"]\n\nx -> y [label=\"+\"];\nw -> x [label=\"+\"];\nw -> y [label=\"+\"];\n}')"],"message":[""]}
,
{"type":["check_chunk"],"time":["2025-04-30 17:19:40"],"user":["Ilja Sukhanov"],"umph":[1746026380.4765],"ok":[false],"chunk":[6],"ex":[1],"e.ind":[1],"code":["\n# enter your code here ...\n"],"message":["\nYou have not yet entered all correct commands in chunk 1_e_3."]}
,
{"type":["check_ps"],"time":["2025-04-30 17:21:10"],"user":["Ilja Sukhanov"],"umph":[1746026470.838],"ok":[true]}
,
{"type":["check_chunk"],"time":["2025-04-30 17:21:10"],"user":["Ilja Sukhanov"],"umph":[1746026470.8462],"ok":[true],"chunk":[6],"ex":[1],"e.ind":[0],"code":["\n1\n"],"message":[""]}
,
{"type":["check_chunk"],"time":["2025-04-30 17:21:10"],"user":["Ilja Sukhanov"],"umph":[1746026470.8733],"ok":[true],"chunk":[7],"ex":[1],"e.ind":[0],"code":["reg2 <- lm(wage ~ educ + female, data=wage1)\nsummary(reg2)"],"message":[""]}
,
{"type":["check_chunk"],"time":["2025-04-30 17:21:10"],"user":["Ilja Sukhanov"],"umph":[1746026470.8846],"ok":[true],"chunk":[8],"ex":[1],"e.ind":[0],"code":["grViz('digraph G {\nx -> y [label=\"+\"];\nw -> y [label=\"+\"];\n}')"],"message":[""]}
,
{"type":["check_chunk"],"time":["2025-04-30 17:21:10"],"user":["Ilja Sukhanov"],"umph":[1746026470.8877],"ok":[false],"chunk":[9],"ex":[1],"e.ind":[1],"code":["\n# enter your code here ...\n"],"message":["\nYou have not yet entered all correct commands in chunk 1_g_2."]}
,
{"type":["check_ps"],"time":["2025-04-30 17:24:12"],"user":["Ilja Sukhanov"],"umph":[1746026652.8858],"ok":[true]}
,
{"type":["check_chunk"],"time":["2025-04-30 17:24:12"],"user":["Ilja Sukhanov"],"umph":[1746026652.9013],"ok":[false],"chunk":[9],"ex":[1],"e.ind":[1],"code":["\n\"verzerrt\"\n"],"message":["\nYou have not yet entered all correct commands in chunk 1_g_2."]}
,
{"type":["check_ps"],"time":["2025-04-30 17:24:42"],"user":["Ilja Sukhanov"],"umph":[1746026682.5743],"ok":[true]}
,
{"type":["check_chunk"],"time":["2025-04-30 17:24:42"],"user":["Ilja Sukhanov"],"umph":[1746026682.583],"ok":[true],"chunk":[9],"ex":[1],"e.ind":[0],"code":["\n\"unverzerrt\"\n"],"message":[""]}
,
{"type":["check_chunk"],"time":["2025-04-30 17:24:42"],"user":["Ilja Sukhanov"],"umph":[1746026682.6959],"ok":[true],"chunk":[10],"ex":[1],"e.ind":[0],"code":["########################################\n# Beispiel 1: w hat nur Einfluss auf y\n########################################\nset.seed(123)\nn <- 10000\nbeta1 <- 2 # wahrer kausaler effekt\nw <- rnorm(n,0,1)\nx <- rnorm(n,0,1)\ny <- beta1*x + w + rnorm(n,0,1)\n\n# Regression mit w als Kontrollvariable\nreg1 <- lm(y~x+w)\n# Regression ohne w als Kontrollvariable\nreg2 <- lm(y~x)\n# Zeige Ergbenisse nebeneinander\nlibrary(stargazer)\nstargazer(reg1, reg2, type=\"text\", digits=3, keep.stat=c(\"n\"))"],"message":[""]}
,
{"type":["check_chunk"],"time":["2025-04-30 17:24:42"],"user":["Ilja Sukhanov"],"umph":[1746026682.7912],"ok":[true],"chunk":[11],"ex":[1],"e.ind":[0],"code":["########################################\n# Beispiel 2: w hat Einfluss auf y und x\n########################################\nset.seed(123)\nn <- 10000\nbeta1 <- 2 # wahrer kausaler effekt\nw <- rnorm(n,0,1)\nx <- rnorm(n,0,1) + w\ny <- beta1*x + w + rnorm(n,0,1)\n\n# Regression mit w als Kontrollvariable\nreg1 <- lm(y~x+w)\n# Regression ohne w als Kontrollvariable\nreg2 <- lm(y~x)\n# Zeige Ergbenisse nebeneinander\nstargazer(reg1, reg2, type=\"text\", digits=3, keep.stat=c(\"n\"))"],"message":[""]}
,
{"type":["check_chunk"],"time":["2025-04-30 17:24:42"],"user":["Ilja Sukhanov"],"umph":[1746026682.7945],"ok":[false],"chunk":[12],"ex":[1],"e.ind":[1],"code":["\n# enter your code here ...\n"],"message":["\nYou have not yet entered all correct commands in chunk 1_g_5."]}
,
{"type":["check_ps"],"time":["2025-04-30 17:26:07"],"user":["Ilja Sukhanov"],"umph":[1746026767.4143],"ok":[true]}
,
{"type":["check_chunk"],"time":["2025-04-30 17:26:07"],"user":["Ilja Sukhanov"],"umph":[1746026767.4259],"ok":[false],"chunk":[12],"ex":[1],"e.ind":[1],"code":["\n# enter your code here ...\n"],"message":["\nYou have not yet entered all correct commands in chunk 1_g_5."]}
,
{"type":["check_ps"],"time":["2025-04-30 17:27:23"],"user":["Ilja Sukhanov"],"umph":[1746026843.0177],"ok":[true]}
,
{"type":["check_chunk"],"time":["2025-04-30 17:27:23"],"user":["Ilja Sukhanov"],"umph":[1746026843.0246],"ok":[true],"chunk":[12],"ex":[1],"e.ind":[0],"code":["\n\"nein\"\n"],"message":[""]}
,
{"type":["check_chunk"],"time":["2025-04-30 17:27:23"],"user":["Ilja Sukhanov"],"umph":[1746026843.0303],"ok":[true],"chunk":[13],"ex":[1],"e.ind":[0],"code":["confint(lm(y~x))"],"message":[""]}
,
{"type":["check_chunk"],"time":["2025-04-30 17:27:23"],"user":["Ilja Sukhanov"],"umph":[1746026843.037],"ok":[false],"chunk":[14],"ex":[1],"e.ind":[1],"code":["\n# enter your code here ...\n"],"message":["\nYou have not yet entered all correct commands in chunk 1_g_7."]}
,
{"type":["check_ps"],"time":["2025-04-30 17:28:16"],"user":["Ilja Sukhanov"],"umph":[1746026896.9427],"ok":[true]}
,
{"type":["check_chunk"],"time":["2025-04-30 17:28:16"],"user":["Ilja Sukhanov"],"umph":[1746026896.958],"ok":[true],"chunk":[14],"ex":[1],"e.ind":[0],"code":["\nconfint(lm(y~x),level = 0.99)\n"],"message":[""]}
,
{"type":["check_chunk"],"time":["2025-04-30 17:28:16"],"user":["Ilja Sukhanov"],"umph":[1746026896.9607],"ok":[true],"chunk":[15],"ex":[1],"e.ind":[0],"code":["cor(wage1$exper,wage1$wage)"],"message":[""]}
,
{"type":["check_chunk"],"time":["2025-04-30 17:28:16"],"user":["Ilja Sukhanov"],"umph":[1746026896.9639],"ok":[true],"chunk":[16],"ex":[1],"e.ind":[0],"code":["cor(wage1$exper,wage1$educ)"],"message":[""]}
,
{"type":["check_chunk"],"time":["2025-04-30 17:28:16"],"user":["Ilja Sukhanov"],"umph":[1746026896.9767],"ok":[true],"chunk":[17],"ex":[1],"e.ind":[0],"code":["grViz('digraph G {\n\nx [label=\"Ausbildungsjahre x\"]\ny [label=\"Stundenlohn y\"]\nw [label=\"Arbeitserfahrung\"]\n\nx -> y [label=\"+\"];\nx -> w [label=\"-\"];\nw -> y [label=\"+\"];\n}')\n"],"message":[""]}
,
{"type":["check_chunk"],"time":["2025-04-30 17:28:16"],"user":["Ilja Sukhanov"],"umph":[1746026896.9799],"ok":[true],"chunk":[18],"ex":[1],"e.ind":[0],"code":["coef(lm(wage~educ, data=wage1))"],"message":[""]}
,
{"type":["check_chunk"],"time":["2025-04-30 17:28:16"],"user":["Ilja Sukhanov"],"umph":[1746026896.9831],"ok":[false],"chunk":[19],"ex":[1],"e.ind":[1],"code":["\n# enter your code here ...\n"],"message":["\nYou have not yet entered all correct commands in chunk 1_h_5."]}
,
{"type":["check_ps"],"time":["2025-04-30 17:30:53"],"user":["Ilja Sukhanov"],"umph":[1746027053.7231],"ok":[true]}
,
{"type":["check_chunk"],"time":["2025-04-30 17:30:53"],"user":["Ilja Sukhanov"],"umph":[1746027053.7398],"ok":[false],"chunk":[19],"ex":[1],"e.ind":[1],"code":["\n\"kleiner\"\n"],"message":["\nYou have not yet entered all correct commands in chunk 1_h_5."]}
,
{"type":["check_ps"],"time":["2025-04-30 17:31:17"],"user":["Ilja Sukhanov"],"umph":[1746027077.2871],"ok":[true]}
,
{"type":["check_chunk"],"time":["2025-04-30 17:31:17"],"user":["Ilja Sukhanov"],"umph":[1746027077.2977],"ok":[true],"chunk":[19],"ex":[1],"e.ind":[0],"code":["\n\"groesser\"\n"],"message":[""]}
,
{"type":["check_chunk"],"time":["2025-04-30 17:31:17"],"user":["Ilja Sukhanov"],"umph":[1746027077.3022],"ok":[true],"chunk":[20],"ex":[1],"e.ind":[0],"code":["coef(lm(wage~educ+exper, data=wage1))"],"message":[""]}
,
{"type":["check_chunk"],"time":["2025-04-30 17:31:17"],"user":["Ilja Sukhanov"],"umph":[1746027077.3077],"ok":[false],"chunk":[21],"ex":[1],"e.ind":[1],"code":["\n# enter your code here ...\n"],"message":["\nYou have not yet entered all correct commands in chunk 1_h_7."]}
,
{"type":["check_ps"],"time":["2025-04-30 17:32:20"],"user":["Ilja Sukhanov"],"umph":[1746027140.1555],"ok":[true]}
,
{"type":["check_chunk"],"time":["2025-04-30 17:32:20"],"user":["Ilja Sukhanov"],"umph":[1746027140.163],"ok":[false],"chunk":[21],"ex":[1],"e.ind":[1],"code":["\n0.64\n"],"message":["\nYou have not yet entered all correct commands in chunk 1_h_7."]}
,
{"type":["check_ps"],"time":["2025-04-30 17:32:33"],"user":["Ilja Sukhanov"],"umph":[1746027153.4865],"ok":[true]}
,
{"type":["check_chunk"],"time":["2025-04-30 17:32:33"],"user":["Ilja Sukhanov"],"umph":[1746027153.4951],"ok":[true],"chunk":[21],"ex":[1],"e.ind":[0],"code":["\n0.54\n"],"message":[""]}
,
{"type":["check_chunk"],"time":["2025-04-30 17:32:33"],"user":["Ilja Sukhanov"],"umph":[1746027153.5041],"ok":[false],"chunk":[22],"ex":[1],"e.ind":[3],"code":["reg1 <- lm(wage ~ educ, data = wage1)\nreg2 <- lm(wage ~ educ + female + nonwhite, data=wage1)\n\n# enter your code here ...\n"],"message":["\nYou have not yet made an assignment to reg3 in chunk 1_i."]}
,
{"type":["check_ps"],"time":["2025-04-30 17:35:00"],"user":["Ilja Sukhanov"],"umph":[1746027300.0155],"ok":[true]}
,
{"type":["check_chunk"],"time":["2025-04-30 17:35:00"],"user":["Ilja Sukhanov"],"umph":[1746027300.0326],"ok":[false],"chunk":[22],"ex":[1],"e.ind":[3],"code":["reg1 <- lm(wage ~ educ, data = wage1)\nreg2 <- lm(wage ~ educ + female + nonwhite, data=wage1)\n\nreg3 <- lm(wage ~ female + nonwhite + exper, data = wage1)\n"],"message":["\nYou have not made a correct assignment to reg3 in chunk 1_i."]}
,
{"type":["check_ps"],"time":["2025-04-30 17:35:09"],"user":["Ilja Sukhanov"],"umph":[1746027309.3117],"ok":[true]}
,
{"type":["check_chunk"],"time":["2025-04-30 17:35:09"],"user":["Ilja Sukhanov"],"umph":[1746027309.3264],"ok":[true],"chunk":[22],"ex":[1],"e.ind":[0],"code":["reg1 <- lm(wage ~ educ, data = wage1)\nreg2 <- lm(wage ~ educ + female + nonwhite, data=wage1)\n\nreg3 <- lm(wage ~ educ + female + nonwhite + exper, data = wage1)\n"],"message":[""]}
,
{"type":["check_chunk"],"time":["2025-04-30 17:35:09"],"user":["Ilja Sukhanov"],"umph":[1746027309.4708],"ok":[true],"chunk":[23],"ex":[1],"e.ind":[0],"code":["stargazer( reg1, reg2, reg3 ,type = \"text\",  digits=2, omit.stat = c(\"f\",\"ser\"))"],"message":[""]}
,
{"type":["check_chunk"],"time":["2025-04-30 17:35:09"],"user":["Ilja Sukhanov"],"umph":[1746027309.4745],"ok":[false],"chunk":[25],"ex":[2],"e.ind":[1],"code":["\n# enter your code here ...\n"],"message":["\nYou have not yet made an assignment to n_train in chunk 2_a_2."]}
,
{"type":["check_ps"],"time":["2025-04-30 17:37:31"],"user":["Ilja Sukhanov"],"umph":[1746027451.52],"ok":[true]}
,
{"type":["check_chunk"],"time":["2025-04-30 17:37:31"],"user":["Ilja Sukhanov"],"umph":[1746027451.5313],"ok":[false],"chunk":[25],"ex":[2],"e.ind":[2],"code":["\nn_train <- sum(jtrain3$train)\n"],"message":["\nYou have not yet entered all correct commands in chunk 2_a_2."]}
,
{"type":["hint"],"time":["2025-04-30 17:37:57"],"user":["Ilja Sukhanov"],"umph":[1746027477.3851],"ok":[true],"chunk":[25],"ex":[2],"e.ind":[2]}
,
{"type":["check_ps"],"time":["2025-04-30 17:38:25"],"user":["Ilja Sukhanov"],"umph":[1746027505.3066],"ok":[true]}
,
{"type":["check_chunk"],"time":["2025-04-30 17:38:25"],"user":["Ilja Sukhanov"],"umph":[1746027505.3164],"ok":[true],"chunk":[25],"ex":[2],"e.ind":[0],"code":["\nn_train <- sum(jtrain3$train)\n\nn_train\n"],"message":[""]}
,
{"type":["check_chunk"],"time":["2025-04-30 17:38:25"],"user":["Ilja Sukhanov"],"umph":[1746027505.3203],"ok":[false],"chunk":[26],"ex":[2],"e.ind":[1],"code":["\n# enter your code here ...\n"],"message":["\nYou have not yet entered all correct commands in chunk 2_a_3."]}
,
{"type":["check_ps"],"time":["2025-04-30 17:38:57"],"user":["Ilja Sukhanov"],"umph":[1746027537.5334],"ok":[true]}
,
{"type":["check_chunk"],"time":["2025-04-30 17:38:57"],"user":["Ilja Sukhanov"],"umph":[1746027537.5421],"ok":[false],"chunk":[26],"ex":[2],"e.ind":[1],"code":["\n1\n"],"message":["\nYou have not yet entered all correct commands in chunk 2_a_3."]}
,
{"type":["check_ps"],"time":["2025-04-30 17:39:27"],"user":["Ilja Sukhanov"],"umph":[1746027567.5114],"ok":[true]}
,
{"type":["check_chunk"],"time":["2025-04-30 17:39:27"],"user":["Ilja Sukhanov"],"umph":[1746027567.5205],"ok":[true],"chunk":[26],"ex":[2],"e.ind":[0],"code":["\n2\n"],"message":[""]}
,
{"type":["check_chunk"],"time":["2025-04-30 17:39:27"],"user":["Ilja Sukhanov"],"umph":[1746027567.5247],"ok":[false],"chunk":[27],"ex":[2],"e.ind":[1],"code":["\n# enter your code here ...\n\n\n# enter your code here ...\n"],"message":["\nYou have not yet made an assignment to reg1 in chunk 2_b."]}
,
{"type":["check_ps"],"time":["2025-04-30 17:40:12"],"user":["Ilja Sukhanov"],"umph":[1746027612.8699],"ok":[true]}
,
{"type":["check_chunk"],"time":["2025-04-30 17:40:12"],"user":["Ilja Sukhanov"],"umph":[1746027612.8824],"ok":[true],"chunk":[27],"ex":[2],"e.ind":[0],"code":["\nreg1 <- lm(unem78 ~ train, data = jtrain3)\n\nsummary(reg1)\n"],"message":[""]}
,
{"type":["check_chunk"],"time":["2025-04-30 17:40:12"],"user":["Ilja Sukhanov"],"umph":[1746027612.885],"ok":[false],"chunk":[28],"ex":[2],"e.ind":[0],"code":[".PH_._ |> \n group_by(.PH_._) |>\n summarize(mean(train), mean(.PH_._))\n\n# enter your code here ...\n"],"message":["evaluation error in \n  summarize(group_by(___, ___), mean(train), mean(___))\n  Error:  object '___' not found\n"]}
,
{"type":["check_ps"],"time":["2025-04-30 17:42:52"],"user":["Ilja Sukhanov"],"umph":[1746027772.2143],"ok":[true]}
,
{"type":["check_chunk"],"time":["2025-04-30 17:42:52"],"user":["Ilja Sukhanov"],"umph":[1746027772.2357],"ok":[true],"chunk":[28],"ex":[2],"e.ind":[0],"code":["jtrain3 |> \n group_by(unem75) |>\n summarize(mean(train), mean(unem78))\n"],"message":[""]}
,
{"type":["check_chunk"],"time":["2025-04-30 17:42:52"],"user":["Ilja Sukhanov"],"umph":[1746027772.2498],"ok":[true],"chunk":[29],"ex":[2],"e.ind":[0],"code":["library(DiagrammeR)\ngrViz('digraph G {\n\nx [label=\"Weiterbildung in 1977\"]\ny [label=\"Arbeitslos in 1978\"]\nw [label=\"Arbeitslos in 1975\"]\n\nx -> y [label=\"?\"]\nw -> x [label=\"+\"]\nw -> y [label=\"+\"]\n}')"],"message":[""]}
,
{"type":["check_chunk"],"time":["2025-04-30 17:42:52"],"user":["Ilja Sukhanov"],"umph":[1746027772.2536],"ok":[false],"chunk":[30],"ex":[2],"e.ind":[1],"code":["\n# enter your code here ...\n"],"message":["\nYou have not yet entered all correct commands in chunk 2_d_2."]}
,
{"type":["check_ps"],"time":["2025-04-30 17:44:04"],"user":["Ilja Sukhanov"],"umph":[1746027844.6507],"ok":[true]}
,
{"type":["check_chunk"],"time":["2025-04-30 17:44:04"],"user":["Ilja Sukhanov"],"umph":[1746027844.6602],"ok":[true],"chunk":[30],"ex":[2],"e.ind":[0],"code":["\n\"kleiner\"\n"],"message":[""]}
,
{"type":["check_chunk"],"time":["2025-04-30 17:44:04"],"user":["Ilja Sukhanov"],"umph":[1746027844.6648],"ok":[false],"chunk":[31],"ex":[2],"e.ind":[1],"code":["\n# enter your code here ...\n"],"message":["\nYou have not yet made an assignment to reg2 in chunk 2_d_3."]}
,
{"type":["check_ps"],"time":["2025-04-30 17:45:27"],"user":["Ilja Sukhanov"],"umph":[1746027927.5919],"ok":[true]}
,
{"type":["check_chunk"],"time":["2025-04-30 17:45:27"],"user":["Ilja Sukhanov"],"umph":[1746027927.7088],"ok":[true],"chunk":[31],"ex":[2],"e.ind":[0],"code":["\nreg2 <- lm(unem78 ~ train + unem75, data = jtrain3)\n\nstargazer( reg1, reg2 ,type = \"text\",  digits=2, omit.stat = c(\"f\",\"ser\"))\n"],"message":[""]}
,
{"type":["check_chunk"],"time":["2025-04-30 17:45:27"],"user":["Ilja Sukhanov"],"umph":[1746027927.7118],"ok":[false],"chunk":[32],"ex":[2],"e.ind":[1],"code":["\n# enter your code here ...\n"],"message":["\nYou have not yet made an assignment to jtrain3_la in chunk 2_e."]}
,
{"type":["check_ps"],"time":["2025-04-30 17:47:56"],"user":["Ilja Sukhanov"],"umph":[1746028076.3981],"ok":[true]}
,
{"type":["check_chunk"],"time":["2025-04-30 17:47:56"],"user":["Ilja Sukhanov"],"umph":[1746028076.4097],"ok":[true],"chunk":[32],"ex":[2],"e.ind":[0],"code":["\njtrain3_la <- jtrain3 |>\n  filter(unem75==1)\n\njtrain3_ka <- jtrain3 |>\n  filter(unem75==0)\n"],"message":[""]}
,
{"type":["check_chunk"],"time":["2025-04-30 17:47:56"],"user":["Ilja Sukhanov"],"umph":[1746028076.4146],"ok":[false],"chunk":[33],"ex":[2],"e.ind":[1],"code":["\n# enter your code here ...\n\nstargazer(reg1, reg2, reg_la, reg_ka,type=\"text\",keep.stat=c(\"n\"), column.labels = c(\"alle\",\"alle\", \"Lang Alo\",\"Kurz Alo\") )"],"message":["\nYou have not yet made an assignment to reg_la in chunk 2_e_2."]}
,
{"type":["check_ps"],"time":["2025-04-30 17:49:15"],"user":["Ilja Sukhanov"],"umph":[1746028155.4157],"ok":[true]}
,
{"type":["check_chunk"],"time":["2025-04-30 17:49:15"],"user":["Ilja Sukhanov"],"umph":[1746028155.5478],"ok":[true],"chunk":[33],"ex":[2],"e.ind":[0],"code":["\nreg_la <- lm(unem78 ~ train, data = jtrain3_la)\nreg_ka <- lm(unem78 ~ train, data = jtrain3_ka)\n\nstargazer(reg1, reg2, reg_la, reg_ka,type=\"text\",keep.stat=c(\"n\"), column.labels = c(\"alle\",\"alle\", \"Lang Alo\",\"Kurz Alo\") )"],"message":[""]}
,
{"type":["check_chunk"],"time":["2025-04-30 17:49:15"],"user":["Ilja Sukhanov"],"umph":[1746028155.6799],"ok":[true],"chunk":[34],"ex":[2],"e.ind":[0],"code":["reg3 <- lm(unem78 ~ train + unem75 + train:unem75 , data=jtrain3)\nstargazer(reg_la, reg_ka, reg3, type=\"text\",keep.stat=c(\"n\"), column.labels = c(\"Lang Alo\",\"Kurz Alo\", \"alle\") )"],"message":[""]}
,
{"type":["check_chunk"],"time":["2025-04-30 17:49:15"],"user":["Ilja Sukhanov"],"umph":[1746028155.6829],"ok":[false],"chunk":[35],"ex":[2],"e.ind":[1],"code":["\n# enter your code here ...\n"],"message":["\nYou have not yet entered all correct commands in chunk 2_f_2."]}
,
{"type":["check_ps"],"time":["2025-04-30 17:52:52"],"user":["Ilja Sukhanov"],"umph":[1746028372.5161],"ok":[true]}
,
{"type":["check_chunk"],"time":["2025-04-30 17:52:52"],"user":["Ilja Sukhanov"],"umph":[1746028372.5308],"ok":[true],"chunk":[35],"ex":[2],"e.ind":[0],"code":["\n\"nein\"\n"],"message":[""]}
,
{"type":["grade_ps"],"time":["2025-04-30 17:53:23"],"user":["Ilja Sukhanov"],"umph":[1746028403.9277],"ok":[true]}
,
{"type":["init_ps"],"time":["2025-04-30 17:53:23"],"user":["Ilja Sukhanov"],"umph":[1746028403.9474],"ok":[true]}
,
{"type":["check_chunk"],"time":["2025-04-30 17:53:24"],"user":["Ilja Sukhanov"],"umph":[1746028404.1684],"ok":[true],"chunk":[1],"ex":[1],"e.ind":[0],"code":["library(wooldridge)\ndata(wage1)\nhead(wage1)\nskim(wage1)"],"message":[""]}
,
{"type":["check_chunk"],"time":["2025-04-30 17:53:24"],"user":["Ilja Sukhanov"],"umph":[1746028404.1743],"ok":[true],"chunk":[2],"ex":[1],"e.ind":[0],"code":["\nreg1 <- lm(wage ~ educ, data = wage1)\n\n\nsummary(reg1)\n"],"message":[""]}
,
{"type":["check_chunk"],"time":["2025-04-30 17:53:24"],"user":["Ilja Sukhanov"],"umph":[1746028404.1771],"ok":[true],"chunk":[3],"ex":[1],"e.ind":[0],"code":["\n\"nein\"\n"],"message":[""]}
,
{"type":["check_chunk"],"time":["2025-04-30 17:53:24"],"user":["Ilja Sukhanov"],"umph":[1746028404.1934],"ok":[true],"chunk":[4],"ex":[1],"e.ind":[0],"code":["wage1 |>\n mutate(gender = ifelse(female==1,\"female\",\"male\")) |>\n group_by(gender) |>\n summarize(mean(educ))\n"],"message":[""]}
,
{"type":["check_chunk"],"time":["2025-04-30 17:53:24"],"user":["Ilja Sukhanov"],"umph":[1746028404.2104],"ok":[true],"chunk":[5],"ex":[1],"e.ind":[0],"code":["grViz('digraph G {\n\nx [label=\"Ausbildungsjahre x\"]\ny [label=\"Stundenlohn y\"]\nw [label=\"maennlich\"]\n\nx -> y [label=\"+\"];\nw -> x [label=\"+\"];\nw -> y [label=\"+\"];\n}')"],"message":[""]}
,
{"type":["check_chunk"],"time":["2025-04-30 17:53:24"],"user":["Ilja Sukhanov"],"umph":[1746028404.2131],"ok":[true],"chunk":[6],"ex":[1],"e.ind":[0],"code":["\n1\n"],"message":[""]}
,
{"type":["check_chunk"],"time":["2025-04-30 17:53:24"],"user":["Ilja Sukhanov"],"umph":[1746028404.2191],"ok":[true],"chunk":[7],"ex":[1],"e.ind":[0],"code":["reg2 <- lm(wage ~ educ + female, data=wage1)\nsummary(reg2)"],"message":[""]}
,
{"type":["check_chunk"],"time":["2025-04-30 17:53:24"],"user":["Ilja Sukhanov"],"umph":[1746028404.2286],"ok":[true],"chunk":[8],"ex":[1],"e.ind":[0],"code":["grViz('digraph G {\nx -> y [label=\"+\"];\nw -> y [label=\"+\"];\n}')"],"message":[""]}
,
{"type":["check_chunk"],"time":["2025-04-30 17:53:24"],"user":["Ilja Sukhanov"],"umph":[1746028404.2315],"ok":[true],"chunk":[9],"ex":[1],"e.ind":[0],"code":["\n\"unverzerrt\"\n"],"message":[""]}
,
{"type":["check_chunk"],"time":["2025-04-30 17:53:24"],"user":["Ilja Sukhanov"],"umph":[1746028404.3362],"ok":[true],"chunk":[10],"ex":[1],"e.ind":[0],"code":["########################################\n# Beispiel 1: w hat nur Einfluss auf y\n########################################\nset.seed(123)\nn <- 10000\nbeta1 <- 2 # wahrer kausaler effekt\nw <- rnorm(n,0,1)\nx <- rnorm(n,0,1)\ny <- beta1*x + w + rnorm(n,0,1)\n\n# Regression mit w als Kontrollvariable\nreg1 <- lm(y~x+w)\n# Regression ohne w als Kontrollvariable\nreg2 <- lm(y~x)\n# Zeige Ergbenisse nebeneinander\nlibrary(stargazer)\nstargazer(reg1, reg2, type=\"text\", digits=3, keep.stat=c(\"n\"))"],"message":[""]}
,
{"type":["check_chunk"],"time":["2025-04-30 17:53:24"],"user":["Ilja Sukhanov"],"umph":[1746028404.4292],"ok":[true],"chunk":[11],"ex":[1],"e.ind":[0],"code":["########################################\n# Beispiel 2: w hat Einfluss auf y und x\n########################################\nset.seed(123)\nn <- 10000\nbeta1 <- 2 # wahrer kausaler effekt\nw <- rnorm(n,0,1)\nx <- rnorm(n,0,1) + w\ny <- beta1*x + w + rnorm(n,0,1)\n\n# Regression mit w als Kontrollvariable\nreg1 <- lm(y~x+w)\n# Regression ohne w als Kontrollvariable\nreg2 <- lm(y~x)\n# Zeige Ergbenisse nebeneinander\nstargazer(reg1, reg2, type=\"text\", digits=3, keep.stat=c(\"n\"))"],"message":[""]}
,
{"type":["check_chunk"],"time":["2025-04-30 17:53:24"],"user":["Ilja Sukhanov"],"umph":[1746028404.4321],"ok":[true],"chunk":[12],"ex":[1],"e.ind":[0],"code":["\n\"nein\"\n"],"message":[""]}
,
{"type":["check_chunk"],"time":["2025-04-30 17:53:24"],"user":["Ilja Sukhanov"],"umph":[1746028404.4366],"ok":[true],"chunk":[13],"ex":[1],"e.ind":[0],"code":["confint(lm(y~x))"],"message":[""]}
,
{"type":["check_chunk"],"time":["2025-04-30 17:53:24"],"user":["Ilja Sukhanov"],"umph":[1746028404.4477],"ok":[true],"chunk":[14],"ex":[1],"e.ind":[0],"code":["\nconfint(lm(y~x),level = 0.99)\n"],"message":[""]}
,
{"type":["check_chunk"],"time":["2025-04-30 17:53:24"],"user":["Ilja Sukhanov"],"umph":[1746028404.4495],"ok":[true],"chunk":[15],"ex":[1],"e.ind":[0],"code":["cor(wage1$exper,wage1$wage)"],"message":[""]}
,
{"type":["check_chunk"],"time":["2025-04-30 17:53:24"],"user":["Ilja Sukhanov"],"umph":[1746028404.451],"ok":[true],"chunk":[16],"ex":[1],"e.ind":[0],"code":["cor(wage1$exper,wage1$educ)"],"message":[""]}
,
{"type":["check_chunk"],"time":["2025-04-30 17:53:24"],"user":["Ilja Sukhanov"],"umph":[1746028404.4612],"ok":[true],"chunk":[17],"ex":[1],"e.ind":[0],"code":["grViz('digraph G {\n\nx [label=\"Ausbildungsjahre x\"]\ny [label=\"Stundenlohn y\"]\nw [label=\"Arbeitserfahrung\"]\n\nx -> y [label=\"+\"];\nx -> w [label=\"-\"];\nw -> y [label=\"+\"];\n}')\n"],"message":[""]}
,
{"type":["check_chunk"],"time":["2025-04-30 17:53:24"],"user":["Ilja Sukhanov"],"umph":[1746028404.4631],"ok":[true],"chunk":[18],"ex":[1],"e.ind":[0],"code":["coef(lm(wage~educ, data=wage1))"],"message":[""]}
,
{"type":["check_chunk"],"time":["2025-04-30 17:53:24"],"user":["Ilja Sukhanov"],"umph":[1746028404.4657],"ok":[true],"chunk":[19],"ex":[1],"e.ind":[0],"code":["\n\"groesser\"\n"],"message":[""]}
,
{"type":["check_chunk"],"time":["2025-04-30 17:53:24"],"user":["Ilja Sukhanov"],"umph":[1746028404.4675],"ok":[true],"chunk":[20],"ex":[1],"e.ind":[0],"code":["coef(lm(wage~educ+exper, data=wage1))"],"message":[""]}
,
{"type":["check_chunk"],"time":["2025-04-30 17:53:24"],"user":["Ilja Sukhanov"],"umph":[1746028404.4703],"ok":[true],"chunk":[21],"ex":[1],"e.ind":[0],"code":["\n0.54\n"],"message":[""]}
,
{"type":["check_chunk"],"time":["2025-04-30 17:53:24"],"user":["Ilja Sukhanov"],"umph":[1746028404.48],"ok":[true],"chunk":[22],"ex":[1],"e.ind":[0],"code":["reg1 <- lm(wage ~ educ, data = wage1)\nreg2 <- lm(wage ~ educ + female + nonwhite, data=wage1)\n\nreg3 <- lm(wage ~ educ + female + nonwhite + exper, data = wage1)\n"],"message":[""]}
,
{"type":["check_chunk"],"time":["2025-04-30 17:53:24"],"user":["Ilja Sukhanov"],"umph":[1746028404.6279],"ok":[true],"chunk":[23],"ex":[1],"e.ind":[0],"code":["stargazer( reg1, reg2, reg3 ,type = \"text\",  digits=2, omit.stat = c(\"f\",\"ser\"))"],"message":[""]}
,
{"type":["check_chunk"],"time":["2025-04-30 17:53:24"],"user":["Ilja Sukhanov"],"umph":[1746028404.7823],"ok":[true],"chunk":[24],"ex":[2],"e.ind":[0],"code":["help(jtrain3)\ndata(jtrain3)\nhead(jtrain3)\nskim(jtrain3)"],"message":[""]}
,
{"type":["check_chunk"],"time":["2025-04-30 17:53:24"],"user":["Ilja Sukhanov"],"umph":[1746028404.7881],"ok":[true],"chunk":[25],"ex":[2],"e.ind":[0],"code":["\nn_train <- sum(jtrain3$train)\n\nn_train\n"],"message":[""]}
,
{"type":["check_chunk"],"time":["2025-04-30 17:53:24"],"user":["Ilja Sukhanov"],"umph":[1746028404.7911],"ok":[true],"chunk":[26],"ex":[2],"e.ind":[0],"code":["\n2\n"],"message":[""]}
,
{"type":["check_chunk"],"time":["2025-04-30 17:53:24"],"user":["Ilja Sukhanov"],"umph":[1746028404.7988],"ok":[true],"chunk":[27],"ex":[2],"e.ind":[0],"code":["\nreg1 <- lm(unem78 ~ train, data = jtrain3)\n\nsummary(reg1)\n"],"message":[""]}
,
{"type":["check_chunk"],"time":["2025-04-30 17:53:24"],"user":["Ilja Sukhanov"],"umph":[1746028404.8405],"ok":[true],"chunk":[28],"ex":[2],"e.ind":[0],"code":["jtrain3 |> \n group_by(unem75) |>\n summarize(mean(train), mean(unem78))\n"],"message":[""]}
,
{"type":["check_chunk"],"time":["2025-04-30 17:53:24"],"user":["Ilja Sukhanov"],"umph":[1746028404.8608],"ok":[true],"chunk":[29],"ex":[2],"e.ind":[0],"code":["library(DiagrammeR)\ngrViz('digraph G {\n\nx [label=\"Weiterbildung in 1977\"]\ny [label=\"Arbeitslos in 1978\"]\nw [label=\"Arbeitslos in 1975\"]\n\nx -> y [label=\"?\"]\nw -> x [label=\"+\"]\nw -> y [label=\"+\"]\n}')"],"message":[""]}
,
{"type":["check_chunk"],"time":["2025-04-30 17:53:24"],"user":["Ilja Sukhanov"],"umph":[1746028404.8637],"ok":[true],"chunk":[30],"ex":[2],"e.ind":[0],"code":["\n\"kleiner\"\n"],"message":[""]}
,
{"type":["check_chunk"],"time":["2025-04-30 17:53:24"],"user":["Ilja Sukhanov"],"umph":[1746028404.9802],"ok":[true],"chunk":[31],"ex":[2],"e.ind":[0],"code":["\nreg2 <- lm(unem78 ~ train + unem75, data = jtrain3)\n\nstargazer( reg1, reg2 ,type = \"text\",  digits=2, omit.stat = c(\"f\",\"ser\"))\n"],"message":[""]}
,
{"type":["check_chunk"],"time":["2025-04-30 17:53:24"],"user":["Ilja Sukhanov"],"umph":[1746028404.9868],"ok":[true],"chunk":[32],"ex":[2],"e.ind":[0],"code":["\njtrain3_la <- jtrain3 |>\n  filter(unem75==1)\n\njtrain3_ka <- jtrain3 |>\n  filter(unem75==0)\n"],"message":[""]}
,
{"type":["check_chunk"],"time":["2025-04-30 17:53:25"],"user":["Ilja Sukhanov"],"umph":[1746028405.124],"ok":[true],"chunk":[33],"ex":[2],"e.ind":[0],"code":["\nreg_la <- lm(unem78 ~ train, data = jtrain3_la)\nreg_ka <- lm(unem78 ~ train, data = jtrain3_ka)\n\nstargazer(reg1, reg2, reg_la, reg_ka,type=\"text\",keep.stat=c(\"n\"), column.labels = c(\"alle\",\"alle\", \"Lang Alo\",\"Kurz Alo\") )"],"message":[""]}
,
{"type":["check_chunk"],"time":["2025-04-30 17:53:25"],"user":["Ilja Sukhanov"],"umph":[1746028405.2447],"ok":[true],"chunk":[34],"ex":[2],"e.ind":[0],"code":["reg3 <- lm(unem78 ~ train + unem75 + train:unem75 , data=jtrain3)\nstargazer(reg_la, reg_ka, reg3, type=\"text\",keep.stat=c(\"n\"), column.labels = c(\"Lang Alo\",\"Kurz Alo\", \"alle\") )"],"message":[""]}
,
{"type":["check_chunk"],"time":["2025-04-30 17:53:25"],"user":["Ilja Sukhanov"],"umph":[1746028405.2476],"ok":[true],"chunk":[35],"ex":[2],"e.ind":[0],"code":["\n\"nein\"\n"],"message":[""]}
,
