{"type":["init_ps"],"time":["2025-04-25 10:52:30"],"user":["Ilja Sukhanov"],"umph":[1745571150.7588],"ok":[true]}
,
{"type":["check_chunk"],"time":["2025-04-25 10:52:30"],"user":["Ilja Sukhanov"],"umph":[1745571150.7859],"ok":[true],"chunk":[1],"ex":[1],"e.ind":[0],"code":["library(stargazer)"],"message":[""]}
,
{"type":["check_chunk"],"time":["2025-04-25 10:52:30"],"user":["Ilja Sukhanov"],"umph":[1745571150.9441],"ok":[true],"chunk":[2],"ex":[1],"e.ind":[0],"code":["eu_makro <- read_csv(\"data/EU_Makro.csv\")"],"message":[""]}
,
{"type":["check_chunk"],"time":["2025-04-25 10:52:31"],"user":["Ilja Sukhanov"],"umph":[1745571151.1635],"ok":[true],"chunk":[3],"ex":[1],"e.ind":[0],"code":["eu_makro <- eu_makro |>\n  mutate( debt_share_country_pro = debt_share_country * 100)\n  \ng1 <- eu_makro |>\n  ggplot(aes(x = debt_share_country_pro, y = unempl)) + geom_point() + \n  xlab(\"Verschuldungsquote in %\") +\n  ylab(\"Arbeitslosenquote in %\")\ng1"],"message":[""]}
,
{"type":["check_chunk"],"time":["2025-04-25 10:52:31"],"user":["Ilja Sukhanov"],"umph":[1745571151.1739],"ok":[false],"chunk":[4],"ex":[1],"e.ind":[1],"code":["reg1 <- lm(.PH_._~debt_share_country_pro, data=.PH_._)\nsummary(.PH_._)\n\n# enter your code here ...\n\n\n# enter your code here ...\n"],"message":["\nYou have not made a correct assignment to reg1 in chunk 1_b."]}
,
{"type":["check_ps"],"time":["2025-04-25 10:55:35"],"user":["Ilja Sukhanov"],"umph":[1745571335.654],"ok":[true]}
,
{"type":["check_chunk"],"time":["2025-04-25 10:55:35"],"user":["Ilja Sukhanov"],"umph":[1745571335.679],"ok":[true],"chunk":[4],"ex":[1],"e.ind":[0],"code":["reg1 <- lm(unempl~debt_share_country_pro, data=eu_makro)\nsummary(reg1)"],"message":[""]}
,
{"type":["check_chunk"],"time":["2025-04-25 10:55:35"],"user":["Ilja Sukhanov"],"umph":[1745571335.6857],"ok":[false],"chunk":[5],"ex":[1],"e.ind":[1],"code":["\n# enter your code here ...\n"],"message":["\nYou have not yet entered all correct commands in chunk 1_c."]}
,
{"type":["check_ps"],"time":["2025-04-25 10:56:20"],"user":["Ilja Sukhanov"],"umph":[1745571380.8332],"ok":[true]}
,
{"type":["check_chunk"],"time":["2025-04-25 10:56:20"],"user":["Ilja Sukhanov"],"umph":[1745571380.8437],"ok":[true],"chunk":[5],"ex":[1],"e.ind":[0],"code":["\n6.411\n"],"message":[""]}
,
{"type":["check_chunk"],"time":["2025-04-25 10:56:20"],"user":["Ilja Sukhanov"],"umph":[1745571380.8492],"ok":[false],"chunk":[6],"ex":[1],"e.ind":[1],"code":["\n# enter your code here ...\n\n\n# enter your code here ...\n"],"message":["\nYou have not yet entered all correct commands in chunk 1_d."]}
,
{"type":["check_ps"],"time":["2025-04-25 10:57:57"],"user":["Ilja Sukhanov"],"umph":[1745571477.9642],"ok":[true]}
,
{"type":["check_chunk"],"time":["2025-04-25 10:57:57"],"user":["Ilja Sukhanov"],"umph":[1745571477.9748],"ok":[false],"chunk":[6],"ex":[1],"e.ind":[1],"code":["\nb0 <- coef(reg1)[1]\nb1 <- coef(reg1)[2]\n"],"message":["\nYou have not yet entered all correct commands in chunk 1_d."]}
,
{"type":["hint"],"time":["2025-04-25 10:58:07"],"user":["Ilja Sukhanov"],"umph":[1745571487.4621],"ok":[true],"chunk":[6],"ex":[1],"e.ind":[1]}
,
{"type":["hint"],"time":["2025-04-25 10:58:32"],"user":["Ilja Sukhanov"],"umph":[1745571512.1367],"ok":[true],"chunk":[6],"ex":[1],"e.ind":[1]}
,
{"type":["check_ps"],"time":["2025-04-25 10:58:44"],"user":["Ilja Sukhanov"],"umph":[1745571524.0811],"ok":[true]}
,
{"type":["check_chunk"],"time":["2025-04-25 10:58:44"],"user":["Ilja Sukhanov"],"umph":[1745571524.0906],"ok":[false],"chunk":[6],"ex":[1],"e.ind":[1],"code":["\nb0 <- coef(reg1)[1]\nb1 <- coef(reg1)[2]\n"],"message":["\nYou have not yet entered all correct commands in chunk 1_d."]}
,
{"type":["hint"],"time":["2025-04-25 10:58:51"],"user":["Ilja Sukhanov"],"umph":[1745571531.5369],"ok":[true],"chunk":[6],"ex":[1],"e.ind":[1]}
,
{"type":["check_ps"],"time":["2025-04-25 10:59:09"],"user":["Ilja Sukhanov"],"umph":[1745571549.8427],"ok":[true]}
,
{"type":["check_chunk"],"time":["2025-04-25 10:59:09"],"user":["Ilja Sukhanov"],"umph":[1745571549.8574],"ok":[true],"chunk":[6],"ex":[1],"e.ind":[0],"code":["\ncoef(reg1)\n\nb0 <- coef(reg1)[1]\nb1 <- coef(reg1)[2]\n"],"message":[""]}
,
{"type":["check_chunk"],"time":["2025-04-25 10:59:09"],"user":["Ilja Sukhanov"],"umph":[1745571549.861],"ok":[false],"chunk":[7],"ex":[1],"e.ind":[0],"code":["g2 <- g1 + geom_abline(intercept=.PH_._,slope=.PH_._,colour=\".PH_._\")\n\n# enter your code here ...\n\ng2"],"message":["evaluation error in \n  g2 <- g1 + geom_abline(intercept = ___, slope = ___, colour = \"___\")\n  Error:  object '___' not found\n"]}
,
{"type":["check_ps"],"time":["2025-04-25 11:03:53"],"user":["Ilja Sukhanov"],"umph":[1745571833.3078],"ok":[true]}
,
{"type":["check_chunk"],"time":["2025-04-25 11:03:53"],"user":["Ilja Sukhanov"],"umph":[1745571833.4475],"ok":[true],"chunk":[7],"ex":[1],"e.ind":[0],"code":["g2 <- g1 + geom_abline(intercept=b0,slope=b1,colour=\"blue\")\n\ng2"],"message":[""]}
,
{"type":["check_chunk"],"time":["2025-04-25 11:03:53"],"user":["Ilja Sukhanov"],"umph":[1745571833.4532],"ok":[false],"chunk":[8],"ex":[1],"e.ind":[1],"code":["\n# enter your code here ...\n"],"message":["\nYou have not yet entered all correct commands in chunk 1_g."]}
,
{"type":["check_ps"],"time":["2025-04-25 11:05:58"],"user":["Ilja Sukhanov"],"umph":[1745571958.4411],"ok":[true]}
,
{"type":["check_chunk"],"time":["2025-04-25 11:05:58"],"user":["Ilja Sukhanov"],"umph":[1745571958.4536],"ok":[true],"chunk":[8],"ex":[1],"e.ind":[0],"code":["\ncor(eu_makro$unempl,eu_makro$debt_share_country_pro,use = \"pairwise.complete.obs\")\n"],"message":[""]}
,
{"type":["check_chunk"],"time":["2025-04-25 11:05:58"],"user":["Ilja Sukhanov"],"umph":[1745571958.4849],"ok":[true],"chunk":[9],"ex":[2],"e.ind":[0],"code":["set.seed(1)\nT <-  20 # Zahl der Beobachtungen\nbeta0 <- 10; beta1 <- 2;\nu <- rnorm(T,0,3) # Normalverteilte Stoergroesse\nu\nx <- runif(T,0,4) # gleichverteilte x zwischen 0 und 4\nx\ny <- beta0 + beta1*x + u\ny"],"message":[""]}
,
{"type":["check_chunk"],"time":["2025-04-25 11:05:58"],"user":["Ilja Sukhanov"],"umph":[1745571958.4897],"ok":[false],"chunk":[10],"ex":[2],"e.ind":[1],"code":["\n# enter your code here ...\n"],"message":["\nYou have not yet entered all correct commands in chunk 2_a_2."]}
,
{"type":["check_ps"],"time":["2025-04-25 11:08:08"],"user":["Ilja Sukhanov"],"umph":[1745572088.3701],"ok":[true]}
,
{"type":["check_chunk"],"time":["2025-04-25 11:08:08"],"user":["Ilja Sukhanov"],"umph":[1745572088.3804],"ok":[true],"chunk":[10],"ex":[2],"e.ind":[0],"code":["\n2\n"],"message":[""]}
,
{"type":["check_chunk"],"time":["2025-04-25 11:08:08"],"user":["Ilja Sukhanov"],"umph":[1745572088.3965],"ok":[false],"chunk":[11],"ex":[2],"e.ind":[1],"code":["\n# enter your code here ...\n"],"message":["\nYou have not yet entered all correct commands in chunk 2_a_3."]}
,
{"type":["check_ps"],"time":["2025-04-25 11:09:10"],"user":["Ilja Sukhanov"],"umph":[1745572150.6918],"ok":[true]}
,
{"type":["check_chunk"],"time":["2025-04-25 11:09:10"],"user":["Ilja Sukhanov"],"umph":[1745572150.7058],"ok":[true],"chunk":[11],"ex":[2],"e.ind":[0],"code":["\nlm(y~x)\n"],"message":[""]}
,
{"type":["check_chunk"],"time":["2025-04-25 11:09:10"],"user":["Ilja Sukhanov"],"umph":[1745572150.7135],"ok":[true],"chunk":[12],"ex":[2],"e.ind":[0],"code":["simulate.and.estimate <- function(T=20, beta0 = 10, beta1=2) {\n  u <- rnorm(T,0,3) # Normalverteilte Stoergroesse\n  x <- runif(T,0,4) # gleichverteilte x zwischen 0 und 4\n  y <- beta0 + beta1*x + u\n  # Anmerkung lm.fit lauft schneller als\n  # lm, hat aber keinen so schoenen Syntax\n  reg <- lm.fit(x=cbind(1,x),y=y)\n  coef(reg)[2]\n}\nsimulate.and.estimate()\nsimulate.and.estimate()\nsimulate.and.estimate()"],"message":[""]}
,
{"type":["check_chunk"],"time":["2025-04-25 11:09:10"],"user":["Ilja Sukhanov"],"umph":[1745572150.7191],"ok":[false],"chunk":[13],"ex":[2],"e.ind":[1],"code":["\n# enter your code here ...\n"],"message":["\nYou have not yet entered all correct commands in chunk 2_b_2."]}
,
{"type":["check_ps"],"time":["2025-04-25 11:10:05"],"user":["Ilja Sukhanov"],"umph":[1745572205.9075],"ok":[true]}
,
{"type":["check_chunk"],"time":["2025-04-25 11:10:05"],"user":["Ilja Sukhanov"],"umph":[1745572205.9173],"ok":[true],"chunk":[13],"ex":[2],"e.ind":[0],"code":["\n2\n"],"message":[""]}
,
{"type":["check_chunk"],"time":["2025-04-25 11:10:05"],"user":["Ilja Sukhanov"],"umph":[1745572205.921],"ok":[false],"chunk":[14],"ex":[2],"e.ind":[0],"code":[".PH_.__ <- .PH_.__(.PH_.__,simulate.and.estimate())\n\n# enter your code here ...\n"],"message":["evaluation error in \n  ____ <- ____(____, simulate.and.estimate())\n  Error in ____(____, simulate.and.estimate()): could not find function \"____\"\n"]}
,
{"type":["check_ps"],"time":["2025-04-25 11:10:54"],"user":["Ilja Sukhanov"],"umph":[1745572254.347],"ok":[true]}
,
{"type":["check_chunk"],"time":["2025-04-25 11:10:54"],"user":["Ilja Sukhanov"],"umph":[1745572254.8786],"ok":[true],"chunk":[14],"ex":[2],"e.ind":[0],"code":["sim.beta1 <- replicate(5000,simulate.and.estimate())"],"message":[""]}
,
{"type":["check_chunk"],"time":["2025-04-25 11:10:54"],"user":["Ilja Sukhanov"],"umph":[1745572254.8902],"ok":[false],"chunk":[15],"ex":[2],"e.ind":[1],"code":["\n# enter your code here ...\n"],"message":["\nYou have not yet entered all correct commands in chunk 2_c_2."]}
,
{"type":["check_ps"],"time":["2025-04-25 11:11:14"],"user":["Ilja Sukhanov"],"umph":[1745572274.3391],"ok":[true]}
,
{"type":["check_chunk"],"time":["2025-04-25 11:11:14"],"user":["Ilja Sukhanov"],"umph":[1745572274.3587],"ok":[true],"chunk":[15],"ex":[2],"e.ind":[0],"code":["\nhist(sim.beta1)"],"message":[""]}
,
{"type":["check_chunk"],"time":["2025-04-25 11:11:14"],"user":["Ilja Sukhanov"],"umph":[1745572274.4481],"ok":[true],"chunk":[16],"ex":[2],"e.ind":[0],"code":["ggplot(mapping=aes(x=sim.beta1)) + geom_density(fill=\"blue\", alpha=0.5) + geom_vline(xintercept = 2)"],"message":[""]}
,
{"type":["check_chunk"],"time":["2025-04-25 11:11:14"],"user":["Ilja Sukhanov"],"umph":[1745572274.453],"ok":[false],"chunk":[17],"ex":[2],"e.ind":[1],"code":["\n# enter your code here ...\n"],"message":["\nYou have not yet entered all correct commands in chunk 2_d."]}
,
{"type":["check_ps"],"time":["2025-04-25 11:11:58"],"user":["Ilja Sukhanov"],"umph":[1745572318.5905],"ok":[true]}
,
{"type":["check_chunk"],"time":["2025-04-25 11:11:58"],"user":["Ilja Sukhanov"],"umph":[1745572318.6005],"ok":[true],"chunk":[17],"ex":[2],"e.ind":[0],"code":["\nsd(sim.beta1)\n"],"message":[""]}
,
{"type":["check_chunk"],"time":["2025-04-25 11:11:58"],"user":["Ilja Sukhanov"],"umph":[1745572318.6103],"ok":[false],"chunk":[18],"ex":[2],"e.ind":[2],"code":["reg1 <-  lm(y~x)\n\n# enter your code here ...\n"],"message":["\nYou have not yet entered all correct commands in chunk 2_e."]}
,
{"type":["check_ps"],"time":["2025-04-25 11:12:57"],"user":["Ilja Sukhanov"],"umph":[1745572377.4425],"ok":[true]}
,
{"type":["check_chunk"],"time":["2025-04-25 11:12:57"],"user":["Ilja Sukhanov"],"umph":[1745572377.4651],"ok":[true],"chunk":[18],"ex":[2],"e.ind":[0],"code":["reg1 <-  lm(y~x)\n\nsummary(reg1)\n"],"message":[""]}
,
{"type":["check_chunk"],"time":["2025-04-25 11:12:57"],"user":["Ilja Sukhanov"],"umph":[1745572377.4712],"ok":[false],"chunk":[19],"ex":[2],"e.ind":[1],"code":["\n# enter your code here ...\n\n\n# enter your code here ...\n"],"message":["\nYou have not yet entered all correct commands in chunk 2_f."]}
,
{"type":["check_ps"],"time":["2025-04-25 11:15:18"],"user":["Ilja Sukhanov"],"umph":[1745572518.3419],"ok":[true]}
,
{"type":["check_chunk"],"time":["2025-04-25 11:15:18"],"user":["Ilja Sukhanov"],"umph":[1745572518.3556],"ok":[true],"chunk":[19],"ex":[2],"e.ind":[0],"code":["\nconfint(object = reg1,level = 0.95)\n\n\nconfint(object = reg1, level = 0.99)\n"],"message":[""]}
,
{"type":["check_chunk"],"time":["2025-04-25 11:15:19"],"user":["Ilja Sukhanov"],"umph":[1745572519.8029],"ok":[true],"chunk":[20],"ex":[2],"e.ind":[0],"code":["ggplot(mapping = aes(x=x,y=y)) + geom_point()+ geom_smooth(method=\"lm\")"],"message":[""]}
,
{"type":["check_chunk"],"time":["2025-04-25 11:15:19"],"user":["Ilja Sukhanov"],"umph":[1745572519.852],"ok":[true],"chunk":[21],"ex":[3],"e.ind":[0],"code":["eu_makro <- read_csv(\"./data/EU_Makro.csv\")"],"message":[""]}
,
{"type":["check_chunk"],"time":["2025-04-25 11:15:19"],"user":["Ilja Sukhanov"],"umph":[1745572519.8703],"ok":[true],"chunk":[22],"ex":[3],"e.ind":[0],"code":["eu_makro <-  eu_makro |>\n  group_by(country) |>\n  arrange(year) |>\n  mutate(gdp_growth = 100*(gdp - lag(gdp)) / gdp ) |>\n  ungroup()"],"message":[""]}
,
{"type":["check_chunk"],"time":["2025-04-25 11:15:19"],"user":["Ilja Sukhanov"],"umph":[1745572519.8761],"ok":[false],"chunk":[23],"ex":[3],"e.ind":[1],"code":["\n# enter your code here ...\n"],"message":["\nYou have not yet made an assignment to dat in chunk 3_a_3."]}
,
{"type":["check_ps"],"time":["2025-04-25 11:15:31"],"user":["Ilja Sukhanov"],"umph":[1745572531.3196],"ok":[true]}
,
{"type":["check_chunk"],"time":["2025-04-25 11:15:31"],"user":["Ilja Sukhanov"],"umph":[1745572531.3341],"ok":[false],"chunk":[23],"ex":[3],"e.ind":[1],"code":["\n# enter your code here ...\n"],"message":["\nYou have not yet made an assignment to dat in chunk 3_a_3."]}
,
{"type":["check_ps"],"time":["2025-04-25 11:17:58"],"user":["Ilja Sukhanov"],"umph":[1745572678.2774],"ok":[true]}
,
{"type":["check_chunk"],"time":["2025-04-25 11:17:58"],"user":["Ilja Sukhanov"],"umph":[1745572678.29],"ok":[true],"chunk":[23],"ex":[3],"e.ind":[0],"code":["\ndat <- eu_makro |>\n  filter(country %in% c(\"Germany\",\"France\",\"Netherlands\"))\n"],"message":[""]}
,
{"type":["check_chunk"],"time":["2025-04-25 11:17:58"],"user":["Ilja Sukhanov"],"umph":[1745572678.2954],"ok":[false],"chunk":[24],"ex":[3],"e.ind":[1],"code":["\n# enter your code here ...\n\n\n# enter your code here ...\n"],"message":["\nYou have not yet made an assignment to reg1 in chunk 3_a_4."]}
,
{"type":["check_ps"],"time":["2025-04-25 11:21:01"],"user":["Ilja Sukhanov"],"umph":[1745572861.0012],"ok":[true]}
,
{"type":["check_chunk"],"time":["2025-04-25 11:21:01"],"user":["Ilja Sukhanov"],"umph":[1745572861.0196],"ok":[true],"chunk":[24],"ex":[3],"e.ind":[0],"code":["\nreg1 <- lm(unempl~gdp_growth,data = dat)\n\nsummary(reg1)\n"],"message":[""]}
,
{"type":["check_chunk"],"time":["2025-04-25 11:21:01"],"user":["Ilja Sukhanov"],"umph":[1745572861.0266],"ok":[false],"chunk":[25],"ex":[3],"e.ind":[1],"code":["\n# enter your code here ...\n"],"message":["\nYou have not yet entered all correct commands in chunk 3_a_5."]}
,
{"type":["check_ps"],"time":["2025-04-25 11:22:22"],"user":["Ilja Sukhanov"],"umph":[1745572942.2222],"ok":[true]}
,
{"type":["check_chunk"],"time":["2025-04-25 11:22:22"],"user":["Ilja Sukhanov"],"umph":[1745572942.2323],"ok":[false],"chunk":[25],"ex":[3],"e.ind":[1],"code":["\n3\n"],"message":["\nYou have not yet entered all correct commands in chunk 3_a_5."]}
,
{"type":["check_ps"],"time":["2025-04-25 11:22:39"],"user":["Ilja Sukhanov"],"umph":[1745572959.2353],"ok":[true]}
,
{"type":["check_chunk"],"time":["2025-04-25 11:22:39"],"user":["Ilja Sukhanov"],"umph":[1745572959.2452],"ok":[false],"chunk":[25],"ex":[3],"e.ind":[1],"code":["\n2\n"],"message":["\nYou have not yet entered all correct commands in chunk 3_a_5."]}
,
{"type":["check_ps"],"time":["2025-04-25 11:22:50"],"user":["Ilja Sukhanov"],"umph":[1745572970.2562],"ok":[true]}
,
{"type":["check_chunk"],"time":["2025-04-25 11:22:50"],"user":["Ilja Sukhanov"],"umph":[1745572970.2664],"ok":[true],"chunk":[25],"ex":[3],"e.ind":[0],"code":["\n1\n"],"message":[""]}
,
{"type":["check_chunk"],"time":["2025-04-25 11:22:50"],"user":["Ilja Sukhanov"],"umph":[1745572970.2726],"ok":[false],"chunk":[26],"ex":[3],"e.ind":[1],"code":["\n# enter your code here ...\n"],"message":["\nYou have not yet entered all correct commands in chunk 3_b."]}
,
{"type":["check_ps"],"time":["2025-04-25 11:24:21"],"user":["Ilja Sukhanov"],"umph":[1745573061.6377],"ok":[true]}
,
{"type":["check_chunk"],"time":["2025-04-25 11:24:21"],"user":["Ilja Sukhanov"],"umph":[1745573061.6493],"ok":[true],"chunk":[26],"ex":[3],"e.ind":[0],"code":["\n3\n"],"message":[""]}
,
{"type":["check_chunk"],"time":["2025-04-25 11:24:21"],"user":["Ilja Sukhanov"],"umph":[1745573061.6558],"ok":[false],"chunk":[27],"ex":[3],"e.ind":[1],"code":["\n# enter your code here ...\n"],"message":["\nYou have not yet entered all correct commands in chunk 3_b_2."]}
,
{"type":["check_ps"],"time":["2025-04-25 11:25:16"],"user":["Ilja Sukhanov"],"umph":[1745573116.8078],"ok":[true]}
,
{"type":["check_chunk"],"time":["2025-04-25 11:25:16"],"user":["Ilja Sukhanov"],"umph":[1745573116.8203],"ok":[false],"chunk":[27],"ex":[3],"e.ind":[1],"code":["\nc(2,3)\n"],"message":["\nYou have not yet entered all correct commands in chunk 3_b_2."]}
,
{"type":["check_ps"],"time":["2025-04-25 11:25:29"],"user":["Ilja Sukhanov"],"umph":[1745573129.6229],"ok":[true]}
,
{"type":["check_chunk"],"time":["2025-04-25 11:25:29"],"user":["Ilja Sukhanov"],"umph":[1745573129.6359],"ok":[false],"chunk":[27],"ex":[3],"e.ind":[1],"code":["\nc(1,2,3)\n"],"message":["\nYou have not yet entered all correct commands in chunk 3_b_2."]}
,
{"type":["check_ps"],"time":["2025-04-25 11:25:49"],"user":["Ilja Sukhanov"],"umph":[1745573149.562],"ok":[true]}
,
{"type":["check_chunk"],"time":["2025-04-25 11:25:49"],"user":["Ilja Sukhanov"],"umph":[1745573149.5764],"ok":[false],"chunk":[27],"ex":[3],"e.ind":[1],"code":["\nc(2)\n"],"message":["\nYou have not yet entered all correct commands in chunk 3_b_2."]}
,
{"type":["check_ps"],"time":["2025-04-25 11:26:00"],"user":["Ilja Sukhanov"],"umph":[1745573160.2805],"ok":[true]}
,
{"type":["check_chunk"],"time":["2025-04-25 11:26:00"],"user":["Ilja Sukhanov"],"umph":[1745573160.2906],"ok":[false],"chunk":[27],"ex":[3],"e.ind":[1],"code":["\nc(2,4)\n"],"message":["\nYou have not yet entered all correct commands in chunk 3_b_2."]}
,
{"type":["check_ps"],"time":["2025-04-25 11:26:11"],"user":["Ilja Sukhanov"],"umph":[1745573171.5334],"ok":[true]}
,
{"type":["check_chunk"],"time":["2025-04-25 11:26:11"],"user":["Ilja Sukhanov"],"umph":[1745573171.5446],"ok":[false],"chunk":[27],"ex":[3],"e.ind":[1],"code":["\nc(1,2,4)\n"],"message":["\nYou have not yet entered all correct commands in chunk 3_b_2."]}
,
{"type":["check_ps"],"time":["2025-04-25 11:26:43"],"user":["Ilja Sukhanov"],"umph":[1745573203.9378],"ok":[true]}
,
{"type":["check_chunk"],"time":["2025-04-25 11:26:43"],"user":["Ilja Sukhanov"],"umph":[1745573203.9494],"ok":[true],"chunk":[27],"ex":[3],"e.ind":[0],"code":["\nc(4)\n"],"message":[""]}
,
{"type":["check_chunk"],"time":["2025-04-25 11:26:44"],"user":["Ilja Sukhanov"],"umph":[1745573204.0955],"ok":[true],"chunk":[28],"ex":[3],"e.ind":[0],"code":["reg2 <- lm(unempl~gdp_growth, data=eu_makro)\nstargazer(type = \"text\", reg2 ,  single.row = TRUE, header = FALSE, digits=2)"],"message":[""]}
,
{"type":["check_chunk"],"time":["2025-04-25 11:26:44"],"user":["Ilja Sukhanov"],"umph":[1745573204.1332],"ok":[false],"chunk":[29],"ex":[3],"e.ind":[1],"code":["\n# enter your code here ...\n"],"message":["\nYou have not yet entered all correct commands in chunk 3_c_2."]}
,
{"type":["check_ps"],"time":["2025-04-25 11:57:04"],"user":["Ilja Sukhanov"],"umph":[1745575024.3745],"ok":[true]}
,
{"type":["check_chunk"],"time":["2025-04-25 11:57:04"],"user":["Ilja Sukhanov"],"umph":[1745575024.4162],"ok":[false],"chunk":[29],"ex":[3],"e.ind":[1],"code":["\n4\n"],"message":["\nYou have not yet entered all correct commands in chunk 3_c_2."]}
,
{"type":["check_ps"],"time":["2025-04-25 11:57:23"],"user":["Ilja Sukhanov"],"umph":[1745575043.261],"ok":[true]}
,
{"type":["check_chunk"],"time":["2025-04-25 11:57:23"],"user":["Ilja Sukhanov"],"umph":[1745575043.2736],"ok":[true],"chunk":[29],"ex":[3],"e.ind":[0],"code":["\n1\n"],"message":[""]}
,
{"type":["check_chunk"],"time":["2025-04-25 11:57:23"],"user":["Ilja Sukhanov"],"umph":[1745575043.2796],"ok":[false],"chunk":[30],"ex":[3],"e.ind":[1],"code":["\n# enter your code here ...\n"],"message":["\nYou have not yet entered all correct commands in chunk 3_d."]}
,
{"type":["check_ps"],"time":["2025-04-25 11:58:29"],"user":["Ilja Sukhanov"],"umph":[1745575109.3146],"ok":[true]}
,
{"type":["check_chunk"],"time":["2025-04-25 11:58:29"],"user":["Ilja Sukhanov"],"umph":[1745575109.3252],"ok":[false],"chunk":[30],"ex":[3],"e.ind":[1],"code":["\n3\n"],"message":["\nYou have not yet entered all correct commands in chunk 3_d."]}
,
{"type":["check_ps"],"time":["2025-04-25 11:58:40"],"user":["Ilja Sukhanov"],"umph":[1745575120.8623],"ok":[true]}
,
{"type":["check_chunk"],"time":["2025-04-25 11:58:40"],"user":["Ilja Sukhanov"],"umph":[1745575120.8731],"ok":[true],"chunk":[30],"ex":[3],"e.ind":[0],"code":["\n4\n"],"message":[""]}
,
{"type":["check_chunk"],"time":["2025-04-25 11:58:40"],"user":["Ilja Sukhanov"],"umph":[1745575120.9117],"ok":[true],"chunk":[31],"ex":[4],"e.ind":[0],"code":["pwt <- readRDS(\"./data/pwt_2019.rds\")\nhead(pwt)"],"message":[""]}
,
{"type":["check_chunk"],"time":["2025-04-25 11:58:40"],"user":["Ilja Sukhanov"],"umph":[1745575120.9175],"ok":[false],"chunk":[32],"ex":[4],"e.ind":[1],"code":["\n# enter your code here ...\n"],"message":["\nYou have not yet made an assignment to reg1 in chunk 4_b."]}
,
{"type":["check_ps"],"time":["2025-04-25 12:01:16"],"user":["Ilja Sukhanov"],"umph":[1745575276.5546],"ok":[true]}
,
{"type":["check_chunk"],"time":["2025-04-25 12:01:16"],"user":["Ilja Sukhanov"],"umph":[1745575276.5717],"ok":[true],"chunk":[32],"ex":[4],"e.ind":[0],"code":["\nreg1 <- lm(bip~k, data = pwt)\n\nsummary(reg1)\n"],"message":[""]}
,
{"type":["check_chunk"],"time":["2025-04-25 12:01:16"],"user":["Ilja Sukhanov"],"umph":[1745575276.5997],"ok":[false],"chunk":[33],"ex":[4],"e.ind":[1],"code":["\n1\n"],"message":["\nYou have not yet entered all correct commands in chunk 4_b_2."]}
,
{"type":["check_ps"],"time":["2025-04-25 12:01:23"],"user":["Ilja Sukhanov"],"umph":[1745575283.9375],"ok":[true]}
,
{"type":["check_chunk"],"time":["2025-04-25 12:01:23"],"user":["Ilja Sukhanov"],"umph":[1745575283.9486],"ok":[true],"chunk":[33],"ex":[4],"e.ind":[0],"code":["\n2\n"],"message":[""]}
,
{"type":["check_chunk"],"time":["2025-04-25 12:01:24"],"user":["Ilja Sukhanov"],"umph":[1745575284.1472],"ok":[true],"chunk":[34],"ex":[4],"e.ind":[0],"code":["ggplot(pwt,aes(x=k,y=bip, label=isocode)) + geom_text() + geom_smooth(method=\"lm\")"],"message":[""]}
,
{"type":["check_chunk"],"time":["2025-04-25 12:01:24"],"user":["Ilja Sukhanov"],"umph":[1745575284.1536],"ok":[false],"chunk":[35],"ex":[4],"e.ind":[1],"code":["\n# enter your code here ...\n"],"message":["\nYou have not yet made an assignment to pwt in chunk 4_d."]}
,
{"type":["check_ps"],"time":["2025-04-25 12:04:23"],"user":["Ilja Sukhanov"],"umph":[1745575463.7161],"ok":[true]}
,
{"type":["check_chunk"],"time":["2025-04-25 12:04:23"],"user":["Ilja Sukhanov"],"umph":[1745575463.7278],"ok":[true],"chunk":[35],"ex":[4],"e.ind":[0],"code":["\npwt <- pwt |>\n  mutate(log_bip=log(bip), log_k=log(k))\n"],"message":[""]}
,
{"type":["check_chunk"],"time":["2025-04-25 12:04:23"],"user":["Ilja Sukhanov"],"umph":[1745575463.8827],"ok":[true],"chunk":[36],"ex":[4],"e.ind":[0],"code":["ggplot(pwt,aes(x=log_k,y=log_bip, label=isocode)) + geom_text() + geom_smooth(method=\"lm\")"],"message":[""]}
,
{"type":["check_chunk"],"time":["2025-04-25 12:04:23"],"user":["Ilja Sukhanov"],"umph":[1745575463.8877],"ok":[false],"chunk":[37],"ex":[4],"e.ind":[1],"code":["\n# enter your code here ...\n"],"message":["\nYou have not yet made an assignment to reg2 in chunk 4_e."]}
,
{"type":["check_ps"],"time":["2025-04-25 12:05:36"],"user":["Ilja Sukhanov"],"umph":[1745575536.6483],"ok":[true]}
,
{"type":["check_chunk"],"time":["2025-04-25 12:05:36"],"user":["Ilja Sukhanov"],"umph":[1745575536.6631],"ok":[true],"chunk":[37],"ex":[4],"e.ind":[0],"code":["\nreg2 <- lm(log_bip~log_k, data = pwt)\n\nsummary(reg2)\n"],"message":[""]}
,
{"type":["check_chunk"],"time":["2025-04-25 12:05:36"],"user":["Ilja Sukhanov"],"umph":[1745575536.6703],"ok":[true],"chunk":[38],"ex":[4],"e.ind":[0],"code":["\n3\n"],"message":[""]}
,
{"type":["check_ps"],"time":["2025-04-25 12:06:33"],"user":["Ilja Sukhanov"],"umph":[1745575593.636],"ok":[true]}
,
{"type":["grade_ps"],"time":["2025-04-25 12:07:00"],"user":["Ilja Sukhanov"],"umph":[1745575620.0207],"ok":[true]}
,
{"type":["init_ps"],"time":["2025-04-25 12:07:00"],"user":["Ilja Sukhanov"],"umph":[1745575620.041],"ok":[true]}
,
{"type":["check_chunk"],"time":["2025-04-25 12:07:00"],"user":["Ilja Sukhanov"],"umph":[1745575620.0498],"ok":[true],"chunk":[1],"ex":[1],"e.ind":[0],"code":["library(stargazer)"],"message":[""]}
,
{"type":["check_chunk"],"time":["2025-04-25 12:07:00"],"user":["Ilja Sukhanov"],"umph":[1745575620.196],"ok":[true],"chunk":[2],"ex":[1],"e.ind":[0],"code":["eu_makro <- read_csv(\"data/EU_Makro.csv\")"],"message":[""]}
,
{"type":["check_chunk"],"time":["2025-04-25 12:07:00"],"user":["Ilja Sukhanov"],"umph":[1745575620.2892],"ok":[true],"chunk":[3],"ex":[1],"e.ind":[0],"code":["eu_makro <- eu_makro |>\n  mutate( debt_share_country_pro = debt_share_country * 100)\n  \ng1 <- eu_makro |>\n  ggplot(aes(x = debt_share_country_pro, y = unempl)) + geom_point() + \n  xlab(\"Verschuldungsquote in %\") +\n  ylab(\"Arbeitslosenquote in %\")\ng1"],"message":[""]}
,
{"type":["check_chunk"],"time":["2025-04-25 12:07:00"],"user":["Ilja Sukhanov"],"umph":[1745575620.3002],"ok":[true],"chunk":[4],"ex":[1],"e.ind":[0],"code":["reg1 <- lm(unempl~debt_share_country_pro, data=eu_makro)\nsummary(reg1)"],"message":[""]}
,
{"type":["check_chunk"],"time":["2025-04-25 12:07:00"],"user":["Ilja Sukhanov"],"umph":[1745575620.3047],"ok":[true],"chunk":[5],"ex":[1],"e.ind":[0],"code":["\n6.411\n"],"message":[""]}
,
{"type":["check_chunk"],"time":["2025-04-25 12:07:00"],"user":["Ilja Sukhanov"],"umph":[1745575620.3135],"ok":[true],"chunk":[6],"ex":[1],"e.ind":[0],"code":["\ncoef(reg1)\n\nb0 <- coef(reg1)[1]\nb1 <- coef(reg1)[2]\n"],"message":[""]}
,
{"type":["check_chunk"],"time":["2025-04-25 12:07:00"],"user":["Ilja Sukhanov"],"umph":[1745575620.4296],"ok":[true],"chunk":[7],"ex":[1],"e.ind":[0],"code":["g2 <- g1 + geom_abline(intercept=b0,slope=b1,colour=\"blue\")\n\ng2"],"message":[""]}
,
{"type":["check_chunk"],"time":["2025-04-25 12:07:00"],"user":["Ilja Sukhanov"],"umph":[1745575620.4344],"ok":[true],"chunk":[8],"ex":[1],"e.ind":[0],"code":["\ncor(eu_makro$unempl,eu_makro$debt_share_country_pro,use = \"pairwise.complete.obs\")\n"],"message":[""]}
,
{"type":["check_chunk"],"time":["2025-04-25 12:07:00"],"user":["Ilja Sukhanov"],"umph":[1745575620.4594],"ok":[true],"chunk":[9],"ex":[2],"e.ind":[0],"code":["set.seed(1)\nT <-  20 # Zahl der Beobachtungen\nbeta0 <- 10; beta1 <- 2;\nu <- rnorm(T,0,3) # Normalverteilte Stoergroesse\nu\nx <- runif(T,0,4) # gleichverteilte x zwischen 0 und 4\nx\ny <- beta0 + beta1*x + u\ny"],"message":[""]}
,
{"type":["check_chunk"],"time":["2025-04-25 12:07:00"],"user":["Ilja Sukhanov"],"umph":[1745575620.4646],"ok":[true],"chunk":[10],"ex":[2],"e.ind":[0],"code":["\n2\n"],"message":[""]}
,
{"type":["check_chunk"],"time":["2025-04-25 12:07:00"],"user":["Ilja Sukhanov"],"umph":[1745575620.4711],"ok":[true],"chunk":[11],"ex":[2],"e.ind":[0],"code":["\nlm(y~x)\n"],"message":[""]}
,
{"type":["check_chunk"],"time":["2025-04-25 12:07:00"],"user":["Ilja Sukhanov"],"umph":[1745575620.4763],"ok":[true],"chunk":[12],"ex":[2],"e.ind":[0],"code":["simulate.and.estimate <- function(T=20, beta0 = 10, beta1=2) {\n  u <- rnorm(T,0,3) # Normalverteilte Stoergroesse\n  x <- runif(T,0,4) # gleichverteilte x zwischen 0 und 4\n  y <- beta0 + beta1*x + u\n  # Anmerkung lm.fit lauft schneller als\n  # lm, hat aber keinen so schoenen Syntax\n  reg <- lm.fit(x=cbind(1,x),y=y)\n  coef(reg)[2]\n}\nsimulate.and.estimate()\nsimulate.and.estimate()\nsimulate.and.estimate()"],"message":[""]}
,
{"type":["check_chunk"],"time":["2025-04-25 12:07:00"],"user":["Ilja Sukhanov"],"umph":[1745575620.4806],"ok":[true],"chunk":[13],"ex":[2],"e.ind":[0],"code":["\n2\n"],"message":[""]}
,
{"type":["check_chunk"],"time":["2025-04-25 12:07:01"],"user":["Ilja Sukhanov"],"umph":[1745575621.0016],"ok":[true],"chunk":[14],"ex":[2],"e.ind":[0],"code":["sim.beta1 <- replicate(5000,simulate.and.estimate())"],"message":[""]}
,
{"type":["check_chunk"],"time":["2025-04-25 12:07:01"],"user":["Ilja Sukhanov"],"umph":[1745575621.0351],"ok":[true],"chunk":[15],"ex":[2],"e.ind":[0],"code":["\nhist(sim.beta1)"],"message":[""]}
,
{"type":["check_chunk"],"time":["2025-04-25 12:07:01"],"user":["Ilja Sukhanov"],"umph":[1745575621.1354],"ok":[true],"chunk":[16],"ex":[2],"e.ind":[0],"code":["ggplot(mapping=aes(x=sim.beta1)) + geom_density(fill=\"blue\", alpha=0.5) + geom_vline(xintercept = 2)"],"message":[""]}
,
{"type":["check_chunk"],"time":["2025-04-25 12:07:01"],"user":["Ilja Sukhanov"],"umph":[1745575621.1404],"ok":[true],"chunk":[17],"ex":[2],"e.ind":[0],"code":["\nsd(sim.beta1)\n"],"message":[""]}
,
{"type":["check_chunk"],"time":["2025-04-25 12:07:01"],"user":["Ilja Sukhanov"],"umph":[1745575621.1495],"ok":[true],"chunk":[18],"ex":[2],"e.ind":[0],"code":["reg1 <-  lm(y~x)\n\nsummary(reg1)\n"],"message":[""]}
,
{"type":["check_chunk"],"time":["2025-04-25 12:07:01"],"user":["Ilja Sukhanov"],"umph":[1745575621.1587],"ok":[true],"chunk":[19],"ex":[2],"e.ind":[0],"code":["\nconfint(object = reg1,level = 0.95)\n\n\nconfint(object = reg1, level = 0.99)\n"],"message":[""]}
,
{"type":["check_chunk"],"time":["2025-04-25 12:07:01"],"user":["Ilja Sukhanov"],"umph":[1745575621.2908],"ok":[true],"chunk":[20],"ex":[2],"e.ind":[0],"code":["ggplot(mapping = aes(x=x,y=y)) + geom_point()+ geom_smooth(method=\"lm\")"],"message":[""]}
,
{"type":["check_chunk"],"time":["2025-04-25 12:07:01"],"user":["Ilja Sukhanov"],"umph":[1745575621.3346],"ok":[true],"chunk":[21],"ex":[3],"e.ind":[0],"code":["eu_makro <- read_csv(\"./data/EU_Makro.csv\")"],"message":[""]}
,
{"type":["check_chunk"],"time":["2025-04-25 12:07:01"],"user":["Ilja Sukhanov"],"umph":[1745575621.3503],"ok":[true],"chunk":[22],"ex":[3],"e.ind":[0],"code":["eu_makro <-  eu_makro |>\n  group_by(country) |>\n  arrange(year) |>\n  mutate(gdp_growth = 100*(gdp - lag(gdp)) / gdp ) |>\n  ungroup()"],"message":[""]}
,
{"type":["check_chunk"],"time":["2025-04-25 12:07:01"],"user":["Ilja Sukhanov"],"umph":[1745575621.3572],"ok":[true],"chunk":[23],"ex":[3],"e.ind":[0],"code":["\ndat <- eu_makro |>\n  filter(country %in% c(\"Germany\",\"France\",\"Netherlands\"))\n"],"message":[""]}
,
{"type":["check_chunk"],"time":["2025-04-25 12:07:01"],"user":["Ilja Sukhanov"],"umph":[1745575621.3665],"ok":[true],"chunk":[24],"ex":[3],"e.ind":[0],"code":["\nreg1 <- lm(unempl~gdp_growth,data = dat)\n\nsummary(reg1)\n"],"message":[""]}
,
{"type":["check_chunk"],"time":["2025-04-25 12:07:01"],"user":["Ilja Sukhanov"],"umph":[1745575621.3717],"ok":[true],"chunk":[25],"ex":[3],"e.ind":[0],"code":["\n1\n"],"message":[""]}
,
{"type":["check_chunk"],"time":["2025-04-25 12:07:01"],"user":["Ilja Sukhanov"],"umph":[1745575621.3764],"ok":[true],"chunk":[26],"ex":[3],"e.ind":[0],"code":["\n3\n"],"message":[""]}
,
{"type":["check_chunk"],"time":["2025-04-25 12:07:01"],"user":["Ilja Sukhanov"],"umph":[1745575621.3807],"ok":[true],"chunk":[27],"ex":[3],"e.ind":[0],"code":["\nc(4)\n"],"message":[""]}
,
{"type":["check_chunk"],"time":["2025-04-25 12:07:01"],"user":["Ilja Sukhanov"],"umph":[1745575621.5977],"ok":[true],"chunk":[28],"ex":[3],"e.ind":[0],"code":["reg2 <- lm(unempl~gdp_growth, data=eu_makro)\nstargazer(type = \"text\", reg2 ,  single.row = TRUE, header = FALSE, digits=2)"],"message":[""]}
,
{"type":["check_chunk"],"time":["2025-04-25 12:07:01"],"user":["Ilja Sukhanov"],"umph":[1745575621.6026],"ok":[true],"chunk":[29],"ex":[3],"e.ind":[0],"code":["\n1\n"],"message":[""]}
,
{"type":["check_chunk"],"time":["2025-04-25 12:07:01"],"user":["Ilja Sukhanov"],"umph":[1745575621.6069],"ok":[true],"chunk":[30],"ex":[3],"e.ind":[0],"code":["\n4\n"],"message":[""]}
,
{"type":["check_chunk"],"time":["2025-04-25 12:07:01"],"user":["Ilja Sukhanov"],"umph":[1745575621.6255],"ok":[true],"chunk":[31],"ex":[4],"e.ind":[0],"code":["pwt <- readRDS(\"./data/pwt_2019.rds\")\nhead(pwt)"],"message":[""]}
,
{"type":["check_chunk"],"time":["2025-04-25 12:07:01"],"user":["Ilja Sukhanov"],"umph":[1745575621.6352],"ok":[true],"chunk":[32],"ex":[4],"e.ind":[0],"code":["\nreg1 <- lm(bip~k, data = pwt)\n\nsummary(reg1)\n"],"message":[""]}
,
{"type":["check_chunk"],"time":["2025-04-25 12:07:01"],"user":["Ilja Sukhanov"],"umph":[1745575621.6396],"ok":[true],"chunk":[33],"ex":[4],"e.ind":[0],"code":["\n2\n"],"message":[""]}
,
{"type":["check_chunk"],"time":["2025-04-25 12:07:01"],"user":["Ilja Sukhanov"],"umph":[1745575621.8224],"ok":[true],"chunk":[34],"ex":[4],"e.ind":[0],"code":["ggplot(pwt,aes(x=k,y=bip, label=isocode)) + geom_text() + geom_smooth(method=\"lm\")"],"message":[""]}
,
{"type":["check_chunk"],"time":["2025-04-25 12:07:01"],"user":["Ilja Sukhanov"],"umph":[1745575621.8295],"ok":[true],"chunk":[35],"ex":[4],"e.ind":[0],"code":["\npwt <- pwt |>\n  mutate(log_bip=log(bip), log_k=log(k))\n"],"message":[""]}
,
{"type":["check_chunk"],"time":["2025-04-25 12:07:02"],"user":["Ilja Sukhanov"],"umph":[1745575622.0242],"ok":[true],"chunk":[36],"ex":[4],"e.ind":[0],"code":["ggplot(pwt,aes(x=log_k,y=log_bip, label=isocode)) + geom_text() + geom_smooth(method=\"lm\")"],"message":[""]}
,
{"type":["check_chunk"],"time":["2025-04-25 12:07:02"],"user":["Ilja Sukhanov"],"umph":[1745575622.0335],"ok":[true],"chunk":[37],"ex":[4],"e.ind":[0],"code":["\nreg2 <- lm(log_bip~log_k, data = pwt)\n\nsummary(reg2)\n"],"message":[""]}
,
{"type":["check_chunk"],"time":["2025-04-25 12:07:02"],"user":["Ilja Sukhanov"],"umph":[1745575622.038],"ok":[true],"chunk":[38],"ex":[4],"e.ind":[0],"code":["\n3\n"],"message":[""]}
,
{"type":["check_ps"],"time":["2025-04-30 17:16:33"],"user":["Ilja Sukhanov"],"umph":[1746026193.78],"ok":[true]}
,
